#! /usr/bin/vvp
:ivl_version "10.2 (stable)";
:ivl_delay_selection "TYPICAL";
:vpi_time_precision + 0;
:vpi_module "system";
:vpi_module "vhdl_sys";
:vpi_module "v2005_math";
:vpi_module "va_math";
S_0x55dbeab76870 .scope module, "testbench" "testbench" 2 2;
 .timescale 0 0;
v0x55dbeabf3aa0_0 .var "clk", 0 0;
v0x55dbeabf3b60_0 .net "dataadr", 31 0, v0x55dbeabdccf0_0;  1 drivers
v0x55dbeabf3c20_0 .net "memwrite", 0 0, L_0x55dbeabf4e20;  1 drivers
v0x55dbeabf3d50_0 .var "reset", 0 0;
v0x55dbeabf3df0_0 .net "writedata", 31 0, v0x55dbeabdd040_0;  1 drivers
E_0x55dbeab335d0 .event negedge, v0x55dbeab971e0_0;
S_0x55dbeaba4630 .scope module, "dut" "top" 2 10, 3 4 0, S_0x55dbeab76870;
 .timescale 0 0;
    .port_info 0 /INPUT 1 "clk"
    .port_info 1 /INPUT 1 "reset"
    .port_info 2 /OUTPUT 32 "writedata"
    .port_info 3 /OUTPUT 32 "dataadr"
    .port_info 4 /OUTPUT 1 "memwrite"
v0x55dbeabf3220_0 .net "clk", 0 0, v0x55dbeabf3aa0_0;  1 drivers
v0x55dbeabf32e0_0 .net "dataadr", 31 0, v0x55dbeabdccf0_0;  alias, 1 drivers
v0x55dbeabf33a0_0 .net "instr", 31 0, L_0x55dbeac0a890;  1 drivers
v0x55dbeabf34d0_0 .net "memwrite", 0 0, L_0x55dbeabf4e20;  alias, 1 drivers
v0x55dbeabf3570_0 .net "pc", 31 0, v0x55dbeabeae80_0;  1 drivers
v0x55dbeabf36c0_0 .net "readdata", 31 0, L_0x55dbeac0ade0;  1 drivers
v0x55dbeabf3810_0 .net "reset", 0 0, v0x55dbeabf3d50_0;  1 drivers
v0x55dbeabf38b0_0 .net "writedata", 31 0, v0x55dbeabdd040_0;  alias, 1 drivers
L_0x55dbeac0a950 .part v0x55dbeabeae80_0, 2, 6;
S_0x55dbeaba4160 .scope module, "dmem" "dmem" 3 11, 4 1 0, S_0x55dbeaba4630;
 .timescale 0 0;
    .port_info 0 /INPUT 1 "clk"
    .port_info 1 /INPUT 1 "we"
    .port_info 2 /INPUT 32 "a"
    .port_info 3 /INPUT 32 "wd"
    .port_info 4 /OUTPUT 32 "rd"
L_0x55dbeac0ade0 .functor BUFZ 32, L_0x55dbeac0aa40, C4<00000000000000000000000000000000>, C4<00000000000000000000000000000000>, C4<00000000000000000000000000000000>;
v0x55dbeabb3730 .array "RAM", 0 31, 31 0;
v0x55dbeabb3830_0 .net *"_s0", 31 0, L_0x55dbeac0aa40;  1 drivers
v0x55dbeab98050_0 .net *"_s3", 29 0, L_0x55dbeac0aae0;  1 drivers
v0x55dbeab98150_0 .net "a", 31 0, v0x55dbeabdccf0_0;  alias, 1 drivers
v0x55dbeab971e0_0 .net "clk", 0 0, v0x55dbeabf3aa0_0;  alias, 1 drivers
v0x55dbeab972e0_0 .net "rd", 31 0, L_0x55dbeac0ade0;  alias, 1 drivers
v0x55dbeab0e5a0_0 .net "wd", 31 0, v0x55dbeabdd040_0;  alias, 1 drivers
v0x55dbeabd2e80_0 .net "we", 0 0, L_0x55dbeabf4e20;  alias, 1 drivers
E_0x55dbeab33480 .event posedge, v0x55dbeab971e0_0;
L_0x55dbeac0aa40 .array/port v0x55dbeabb3730, L_0x55dbeac0aae0;
L_0x55dbeac0aae0 .part v0x55dbeabdccf0_0, 2, 30;
S_0x55dbeabd2fe0 .scope module, "imem" "imem" 3 10, 5 1 0, S_0x55dbeaba4630;
 .timescale 0 0;
    .port_info 0 /INPUT 6 "a"
    .port_info 1 /OUTPUT 32 "rd"
L_0x55dbeac0a890 .functor BUFZ 32, L_0x55dbeac0a6b0, C4<00000000000000000000000000000000>, C4<00000000000000000000000000000000>, C4<00000000000000000000000000000000>;
v0x55dbeabd3180 .array "RAM", 0 31, 31 0;
v0x55dbeabd3260_0 .net *"_s0", 31 0, L_0x55dbeac0a6b0;  1 drivers
v0x55dbeabd3340_0 .net *"_s2", 6 0, L_0x55dbeac0a750;  1 drivers
L_0x7f851381d5b8 .functor BUFT 1, C4<0>, C4<0>, C4<0>, C4<0>;
v0x55dbeabd3400_0 .net *"_s5", 0 0, L_0x7f851381d5b8;  1 drivers
v0x55dbeabd34e0_0 .net "a", 5 0, L_0x55dbeac0a950;  1 drivers
v0x55dbeabd35c0_0 .net "rd", 31 0, L_0x55dbeac0a890;  alias, 1 drivers
L_0x55dbeac0a6b0 .array/port v0x55dbeabd3180, L_0x55dbeac0a750;
L_0x55dbeac0a750 .concat [ 6 1 0 0], L_0x55dbeac0a950, L_0x7f851381d5b8;
S_0x55dbeabd3700 .scope module, "mips" "mips" 3 9, 6 3 0, S_0x55dbeaba4630;
 .timescale 0 0;
    .port_info 0 /INPUT 1 "clk"
    .port_info 1 /INPUT 1 "reset"
    .port_info 2 /OUTPUT 32 "pc"
    .port_info 3 /INPUT 32 "instr"
    .port_info 4 /OUTPUT 1 "memwriteM"
    .port_info 5 /OUTPUT 32 "aluout"
    .port_info 6 /OUTPUT 32 "writedataM"
    .port_info 7 /INPUT 32 "readdata"
v0x55dbeabf1e50_0 .net "alucontrol", 2 0, L_0x55dbeabf4bb0;  1 drivers
v0x55dbeabf1fc0_0 .net "aluout", 31 0, v0x55dbeabdccf0_0;  alias, 1 drivers
v0x55dbeabf2080_0 .net "alusrc", 0 0, L_0x55dbeabf49a0;  1 drivers
v0x55dbeabf21b0_0 .net "branch", 0 0, L_0x55dbeabf4070;  1 drivers
v0x55dbeabf22e0_0 .net "clk", 0 0, v0x55dbeabf3aa0_0;  alias, 1 drivers
v0x55dbeabf2380_0 .net "flushE", 0 0, L_0x55dbeac07460;  1 drivers
v0x55dbeabf2420_0 .net "funct", 5 0, L_0x55dbeabf5450;  1 drivers
v0x55dbeabf24c0_0 .net "instr", 31 0, L_0x55dbeac0a890;  alias, 1 drivers
v0x55dbeabf2580_0 .net "jump", 0 0, L_0x55dbeabf4320;  1 drivers
v0x55dbeabf2740_0 .net "memtoregE", 0 0, L_0x55dbeabf46a0;  1 drivers
v0x55dbeabf27e0_0 .net "memtoregM", 0 0, L_0x55dbeabf4cf0;  1 drivers
v0x55dbeabf2880_0 .net "memtoregW", 0 0, L_0x55dbeabf50d0;  1 drivers
v0x55dbeabf2920_0 .net "memwriteM", 0 0, L_0x55dbeabf4e20;  alias, 1 drivers
v0x55dbeabf29c0_0 .net "op", 5 0, L_0x55dbeabf5320;  1 drivers
v0x55dbeabf2a80_0 .net "pc", 31 0, v0x55dbeabeae80_0;  alias, 1 drivers
v0x55dbeabf2b40_0 .net "pcsrc", 0 0, L_0x55dbeabf4500;  1 drivers
v0x55dbeabf2be0_0 .net "readdata", 31 0, L_0x55dbeac0ade0;  alias, 1 drivers
v0x55dbeabf2ca0_0 .net "regdstE", 0 0, L_0x55dbeabf4ad0;  1 drivers
v0x55dbeabf2d40_0 .net "regwriteE", 0 0, L_0x55dbeabf4870;  1 drivers
v0x55dbeabf2de0_0 .net "regwriteM", 0 0, L_0x55dbeabf4f20;  1 drivers
v0x55dbeabf2e80_0 .net "regwriteW", 0 0, L_0x55dbeabf5200;  1 drivers
v0x55dbeabf2f20_0 .net "reset", 0 0, v0x55dbeabf3d50_0;  alias, 1 drivers
v0x55dbeabf2fc0_0 .net "writedataM", 31 0, v0x55dbeabdd040_0;  alias, 1 drivers
v0x55dbeabf3080_0 .net "zero", 0 0, L_0x55dbeac094b0;  1 drivers
S_0x55dbeabd39a0 .scope module, "c" "controller" 6 17, 7 5 0, S_0x55dbeabd3700;
 .timescale 0 0;
    .port_info 0 /INPUT 1 "clk"
    .port_info 1 /INPUT 1 "reset"
    .port_info 2 /INPUT 6 "op"
    .port_info 3 /INPUT 6 "funct"
    .port_info 4 /INPUT 1 "flushE"
    .port_info 5 /INPUT 1 "zero"
    .port_info 6 /OUTPUT 1 "memtoregE"
    .port_info 7 /OUTPUT 1 "memtoregM"
    .port_info 8 /OUTPUT 1 "memtoregW"
    .port_info 9 /OUTPUT 1 "memwriteM"
    .port_info 10 /OUTPUT 1 "branch"
    .port_info 11 /OUTPUT 1 "pcsrc"
    .port_info 12 /OUTPUT 1 "alusrc"
    .port_info 13 /OUTPUT 1 "regdstE"
    .port_info 14 /OUTPUT 1 "regwriteE"
    .port_info 15 /OUTPUT 1 "regwriteM"
    .port_info 16 /OUTPUT 1 "regwriteW"
    .port_info 17 /OUTPUT 1 "jump"
    .port_info 18 /OUTPUT 3 "alucontrol"
L_0x55dbeabf4500 .functor AND 1, L_0x55dbeabf4070, L_0x55dbeac094b0, C4<1>, C4<1>;
v0x55dbeabd66b0_0 .net "alucontrol", 2 0, L_0x55dbeabf4bb0;  alias, 1 drivers
v0x55dbeabd67b0_0 .net "alucontrolD", 2 0, v0x55dbeabd4060_0;  1 drivers
v0x55dbeabd6870_0 .net "aluop", 1 0, L_0x55dbeabf43c0;  1 drivers
v0x55dbeabd6940_0 .net "alusrc", 0 0, L_0x55dbeabf49a0;  alias, 1 drivers
v0x55dbeabd69e0_0 .net "alusrcD", 0 0, L_0x55dbeabf3fd0;  1 drivers
v0x55dbeabd6ad0_0 .net "branch", 0 0, L_0x55dbeabf4070;  alias, 1 drivers
v0x55dbeabd6b70_0 .net "clk", 0 0, v0x55dbeabf3aa0_0;  alias, 1 drivers
v0x55dbeabd6ca0_0 .net "flushE", 0 0, L_0x55dbeac07460;  alias, 1 drivers
v0x55dbeabd6d70_0 .net "funct", 5 0, L_0x55dbeabf5450;  alias, 1 drivers
v0x55dbeabd6ed0_0 .net "jump", 0 0, L_0x55dbeabf4320;  alias, 1 drivers
v0x55dbeabd6fa0_0 .net "memtoregD", 0 0, L_0x55dbeabf4240;  1 drivers
v0x55dbeabd7070_0 .net "memtoregE", 0 0, L_0x55dbeabf46a0;  alias, 1 drivers
v0x55dbeabd7110_0 .net "memtoregM", 0 0, L_0x55dbeabf4cf0;  alias, 1 drivers
v0x55dbeabd71b0_0 .net "memtoregW", 0 0, L_0x55dbeabf50d0;  alias, 1 drivers
v0x55dbeabd7250_0 .net "memwriteD", 0 0, L_0x55dbeabf41a0;  1 drivers
v0x55dbeabd7320_0 .net "memwriteE", 0 0, L_0x55dbeabf47d0;  1 drivers
v0x55dbeabd73c0_0 .net "memwriteM", 0 0, L_0x55dbeabf4e20;  alias, 1 drivers
v0x55dbeabd7490_0 .net "op", 5 0, L_0x55dbeabf5320;  alias, 1 drivers
v0x55dbeabd7560_0 .net "pcsrc", 0 0, L_0x55dbeabf4500;  alias, 1 drivers
v0x55dbeabd7600_0 .net "regdstD", 0 0, L_0x55dbeabf3f30;  1 drivers
v0x55dbeabd76d0_0 .net "regdstE", 0 0, L_0x55dbeabf4ad0;  alias, 1 drivers
v0x55dbeabd7770_0 .net "regwriteD", 0 0, L_0x55dbeabf3e90;  1 drivers
v0x55dbeabd7840_0 .net "regwriteE", 0 0, L_0x55dbeabf4870;  alias, 1 drivers
v0x55dbeabd78e0_0 .net "regwriteM", 0 0, L_0x55dbeabf4f20;  alias, 1 drivers
v0x55dbeabd7980_0 .net "regwriteW", 0 0, L_0x55dbeabf5200;  alias, 1 drivers
v0x55dbeabd7a20_0 .net "reset", 0 0, v0x55dbeabf3d50_0;  alias, 1 drivers
v0x55dbeabd7ac0_0 .net "zero", 0 0, L_0x55dbeac094b0;  alias, 1 drivers
LS_0x55dbeabf4600_0_0 .concat [ 3 1 1 1], v0x55dbeabd4060_0, L_0x55dbeabf3f30, L_0x55dbeabf3fd0, L_0x55dbeabf3e90;
LS_0x55dbeabf4600_0_4 .concat [ 1 1 0 0], L_0x55dbeabf41a0, L_0x55dbeabf4240;
L_0x55dbeabf4600 .concat [ 6 2 0 0], LS_0x55dbeabf4600_0_0, LS_0x55dbeabf4600_0_4;
L_0x55dbeabf46a0 .part v0x55dbeabd4940_0, 7, 1;
L_0x55dbeabf47d0 .part v0x55dbeabd4940_0, 6, 1;
L_0x55dbeabf4870 .part v0x55dbeabd4940_0, 5, 1;
L_0x55dbeabf49a0 .part v0x55dbeabd4940_0, 4, 1;
L_0x55dbeabf4ad0 .part v0x55dbeabd4940_0, 3, 1;
L_0x55dbeabf4bb0 .part v0x55dbeabd4940_0, 0, 3;
L_0x55dbeabf4c50 .concat [ 1 1 1 0], L_0x55dbeabf4870, L_0x55dbeabf47d0, L_0x55dbeabf46a0;
L_0x55dbeabf4cf0 .part v0x55dbeabd5070_0, 2, 1;
L_0x55dbeabf4e20 .part v0x55dbeabd5070_0, 1, 1;
L_0x55dbeabf4f20 .part v0x55dbeabd5070_0, 0, 1;
L_0x55dbeabf4fc0 .concat [ 1 1 0 0], L_0x55dbeabf4f20, L_0x55dbeabf4cf0;
L_0x55dbeabf50d0 .part v0x55dbeabd56d0_0, 1, 1;
L_0x55dbeabf5200 .part v0x55dbeabd56d0_0, 0, 1;
S_0x55dbeabd3de0 .scope module, "ad" "aludec" 7 19, 8 1 0, S_0x55dbeabd39a0;
 .timescale 0 0;
    .port_info 0 /INPUT 6 "funct"
    .port_info 1 /INPUT 2 "aluop"
    .port_info 2 /OUTPUT 3 "alucontrol"
v0x55dbeabd4060_0 .var "alucontrol", 2 0;
v0x55dbeabd4160_0 .net "aluop", 1 0, L_0x55dbeabf43c0;  alias, 1 drivers
v0x55dbeabd4240_0 .net "funct", 5 0, L_0x55dbeabf5450;  alias, 1 drivers
E_0x55dbeab13860 .event edge, v0x55dbeabd4160_0, v0x55dbeabd4240_0;
S_0x55dbeabd4380 .scope module, "dereg" "floprc" 7 23, 9 1 0, S_0x55dbeabd39a0;
 .timescale 0 0;
    .port_info 0 /INPUT 1 "clk"
    .port_info 1 /INPUT 1 "reset"
    .port_info 2 /INPUT 1 "flush"
    .port_info 3 /INPUT 8 "d"
    .port_info 4 /OUTPUT 8 "q"
P_0x55dbeabd4550 .param/l "WIDTH" 0 9 1, +C4<00000000000000000000000000001000>;
v0x55dbeabd46c0_0 .net "clk", 0 0, v0x55dbeabf3aa0_0;  alias, 1 drivers
v0x55dbeabd47b0_0 .net "d", 7 0, L_0x55dbeabf4600;  1 drivers
v0x55dbeabd4870_0 .net "flush", 0 0, L_0x55dbeac07460;  alias, 1 drivers
v0x55dbeabd4940_0 .var "q", 7 0;
v0x55dbeabd4a20_0 .net "reset", 0 0, v0x55dbeabf3d50_0;  alias, 1 drivers
E_0x55dbeab13c20 .event posedge, v0x55dbeabd4a20_0, v0x55dbeab971e0_0;
S_0x55dbeabd4bd0 .scope module, "emreg" "flopr" 7 25, 10 1 0, S_0x55dbeabd39a0;
 .timescale 0 0;
    .port_info 0 /INPUT 1 "clk"
    .port_info 1 /INPUT 1 "reset"
    .port_info 2 /INPUT 3 "d"
    .port_info 3 /OUTPUT 3 "q"
P_0x55dbeabd4da0 .param/l "WIDTH" 0 10 1, +C4<00000000000000000000000000000011>;
v0x55dbeabd4ea0_0 .net "clk", 0 0, v0x55dbeabf3aa0_0;  alias, 1 drivers
v0x55dbeabd4f90_0 .net "d", 2 0, L_0x55dbeabf4c50;  1 drivers
v0x55dbeabd5070_0 .var "q", 2 0;
v0x55dbeabd5130_0 .net "reset", 0 0, v0x55dbeabf3d50_0;  alias, 1 drivers
S_0x55dbeabd5290 .scope module, "mWreg" "flopr" 7 27, 10 1 0, S_0x55dbeabd39a0;
 .timescale 0 0;
    .port_info 0 /INPUT 1 "clk"
    .port_info 1 /INPUT 1 "reset"
    .port_info 2 /INPUT 2 "d"
    .port_info 3 /OUTPUT 2 "q"
P_0x55dbeabd5460 .param/l "WIDTH" 0 10 1, +C4<00000000000000000000000000000010>;
v0x55dbeabd5530_0 .net "clk", 0 0, v0x55dbeabf3aa0_0;  alias, 1 drivers
v0x55dbeabd55f0_0 .net "d", 1 0, L_0x55dbeabf4fc0;  1 drivers
v0x55dbeabd56d0_0 .var "q", 1 0;
v0x55dbeabd57c0_0 .net "reset", 0 0, v0x55dbeabf3d50_0;  alias, 1 drivers
S_0x55dbeabd5930 .scope module, "md" "maindec" 7 18, 11 1 0, S_0x55dbeabd39a0;
 .timescale 0 0;
    .port_info 0 /INPUT 6 "op"
    .port_info 1 /OUTPUT 1 "memtoreg"
    .port_info 2 /OUTPUT 1 "memwrite"
    .port_info 3 /OUTPUT 1 "branch"
    .port_info 4 /OUTPUT 1 "alusrc"
    .port_info 5 /OUTPUT 1 "regdst"
    .port_info 6 /OUTPUT 1 "regwrite"
    .port_info 7 /OUTPUT 1 "jump"
    .port_info 8 /OUTPUT 2 "aluop"
v0x55dbeabd5cc0_0 .net *"_s10", 8 0, L_0x55dbeabf4460;  1 drivers
v0x55dbeabd5dc0_0 .net "aluop", 1 0, L_0x55dbeabf43c0;  alias, 1 drivers
v0x55dbeabd5e80_0 .net "alusrc", 0 0, L_0x55dbeabf3fd0;  alias, 1 drivers
v0x55dbeabd5f20_0 .net "branch", 0 0, L_0x55dbeabf4070;  alias, 1 drivers
v0x55dbeabd5fc0_0 .var "controls", 9 0;
v0x55dbeabd60f0_0 .net "jump", 0 0, L_0x55dbeabf4320;  alias, 1 drivers
v0x55dbeabd61b0_0 .net "memtoreg", 0 0, L_0x55dbeabf4240;  alias, 1 drivers
v0x55dbeabd6270_0 .net "memwrite", 0 0, L_0x55dbeabf41a0;  alias, 1 drivers
v0x55dbeabd6330_0 .net "op", 5 0, L_0x55dbeabf5320;  alias, 1 drivers
v0x55dbeabd6410_0 .net "regdst", 0 0, L_0x55dbeabf3f30;  alias, 1 drivers
v0x55dbeabd64d0_0 .net "regwrite", 0 0, L_0x55dbeabf3e90;  alias, 1 drivers
E_0x55dbeabc4840 .event edge, v0x55dbeabd6330_0;
L_0x55dbeabf3e90 .part L_0x55dbeabf4460, 8, 1;
L_0x55dbeabf3f30 .part L_0x55dbeabf4460, 7, 1;
L_0x55dbeabf3fd0 .part L_0x55dbeabf4460, 6, 1;
L_0x55dbeabf4070 .part L_0x55dbeabf4460, 5, 1;
L_0x55dbeabf41a0 .part L_0x55dbeabf4460, 4, 1;
L_0x55dbeabf4240 .part L_0x55dbeabf4460, 3, 1;
L_0x55dbeabf4320 .part L_0x55dbeabf4460, 2, 1;
L_0x55dbeabf43c0 .part L_0x55dbeabf4460, 0, 2;
L_0x55dbeabf4460 .part v0x55dbeabd5fc0_0, 0, 9;
S_0x55dbeabd7e80 .scope module, "dp" "datapath" 6 18, 12 16 0, S_0x55dbeabd3700;
 .timescale 0 0;
    .port_info 0 /INPUT 1 "clk"
    .port_info 1 /INPUT 1 "reset"
    .port_info 2 /INPUT 1 "memtoregE"
    .port_info 3 /INPUT 1 "memtoregM"
    .port_info 4 /INPUT 1 "memtoregW"
    .port_info 5 /INPUT 1 "pcsrc"
    .port_info 6 /INPUT 1 "branch"
    .port_info 7 /INPUT 1 "alusrc"
    .port_info 8 /INPUT 1 "regdstE"
    .port_info 9 /INPUT 1 "regwriteE"
    .port_info 10 /INPUT 1 "regwriteM"
    .port_info 11 /INPUT 1 "regwriteW"
    .port_info 12 /INPUT 1 "jump"
    .port_info 13 /INPUT 3 "alucontrol"
    .port_info 14 /OUTPUT 1 "zero"
    .port_info 15 /OUTPUT 32 "pc"
    .port_info 16 /INPUT 32 "instr"
    .port_info 17 /OUTPUT 32 "aluout"
    .port_info 18 /OUTPUT 32 "writedataM"
    .port_info 19 /INPUT 32 "readdataM"
    .port_info 20 /OUTPUT 6 "op"
    .port_info 21 /OUTPUT 6 "funct"
    .port_info 22 /OUTPUT 1 "flushE"
L_0x55dbeabf5060 .functor OR 1, L_0x55dbeabf4500, L_0x55dbeabf4320, C4<0>, C4<0>;
L_0x55dbeac085c0 .functor NOT 1, L_0x55dbeac072a0, C4<0>, C4<0>, C4<0>;
L_0x55dbeac08760 .functor NOT 1, L_0x55dbeac070a0, C4<0>, C4<0>, C4<0>;
L_0x55dbeac08860 .functor NOT 1, L_0x55dbeac070a0, C4<0>, C4<0>, C4<0>;
v0x55dbeabedd50_0 .net *"_s13", 3 0, L_0x55dbeac07660;  1 drivers
v0x55dbeabede50_0 .net *"_s15", 25 0, L_0x55dbeac07740;  1 drivers
L_0x7f851381d138 .functor BUFT 1, C4<00>, C4<0>, C4<0>, C4<0>;
v0x55dbeabedf30_0 .net/2u *"_s16", 1 0, L_0x7f851381d138;  1 drivers
v0x55dbeabedff0_0 .net "alucontrol", 2 0, L_0x55dbeabf4bb0;  alias, 1 drivers
v0x55dbeabee0b0_0 .net "aluout", 31 0, v0x55dbeabdccf0_0;  alias, 1 drivers
v0x55dbeabee280_0 .net "aluoutE", 31 0, v0x55dbeabde0f0_0;  1 drivers
v0x55dbeabee340_0 .net "aluoutW", 31 0, v0x55dbeabe86d0_0;  1 drivers
v0x55dbeabee450_0 .net "alusrc", 0 0, L_0x55dbeabf49a0;  alias, 1 drivers
v0x55dbeabee4f0_0 .net "branch", 0 0, L_0x55dbeabf4070;  alias, 1 drivers
v0x55dbeabee590_0 .net "clk", 0 0, v0x55dbeabf3aa0_0;  alias, 1 drivers
v0x55dbeabee630_0 .net "flush", 0 0, L_0x55dbeabf5060;  1 drivers
v0x55dbeabee6d0_0 .net "flushE", 0 0, L_0x55dbeac07460;  alias, 1 drivers
v0x55dbeabee770_0 .net "forwardAD", 0 0, L_0x55dbeac05b60;  1 drivers
v0x55dbeabee810_0 .net "forwardAE", 1 0, v0x55dbeabe34b0_0;  1 drivers
v0x55dbeabee940_0 .net "forwardBD", 0 0, L_0x55dbeac06040;  1 drivers
v0x55dbeabee9e0_0 .net "forwardBE", 1 0, v0x55dbeabe35e0_0;  1 drivers
v0x55dbeabeeb30_0 .net "funct", 5 0, L_0x55dbeabf5450;  alias, 1 drivers
v0x55dbeabeed00_0 .net "instr", 31 0, L_0x55dbeac0a890;  alias, 1 drivers
v0x55dbeabeedc0_0 .net "instrD", 31 0, v0x55dbeabe2390_0;  1 drivers
v0x55dbeabeee80_0 .net "jump", 0 0, L_0x55dbeabf4320;  alias, 1 drivers
v0x55dbeabeef20_0 .net "memtoregE", 0 0, L_0x55dbeabf46a0;  alias, 1 drivers
v0x55dbeabeefc0_0 .net "memtoregM", 0 0, L_0x55dbeabf4cf0;  alias, 1 drivers
v0x55dbeabef0b0_0 .net "memtoregW", 0 0, L_0x55dbeabf50d0;  alias, 1 drivers
v0x55dbeabef1a0_0 .net "op", 5 0, L_0x55dbeabf5320;  alias, 1 drivers
v0x55dbeabef290_0 .net "pc", 31 0, v0x55dbeabeae80_0;  alias, 1 drivers
v0x55dbeabef3a0_0 .net "pcbranch", 31 0, L_0x55dbeac090b0;  1 drivers
v0x55dbeabef4b0_0 .net "pcnext", 31 0, L_0x55dbeac075c0;  1 drivers
v0x55dbeabef5c0_0 .net "pcnextbr", 31 0, L_0x55dbeac07520;  1 drivers
v0x55dbeabef6d0_0 .net "pcplus4D", 31 0, v0x55dbeabe2b10_0;  1 drivers
v0x55dbeabef7e0_0 .net "pcplus4F", 31 0, L_0x55dbeac086c0;  1 drivers
v0x55dbeabef8a0_0 .net "pcsrc", 0 0, L_0x55dbeabf4500;  alias, 1 drivers
v0x55dbeabef990_0 .net "rd1", 31 0, L_0x55dbeac07e40;  1 drivers
v0x55dbeabefaa0_0 .net "rd2", 31 0, L_0x55dbeac08420;  1 drivers
v0x55dbeabefdc0_0 .net "rdD", 4 0, L_0x55dbeabf5750;  1 drivers
v0x55dbeabefed0_0 .net "rdE", 4 0, v0x55dbeabd9d80_0;  1 drivers
v0x55dbeabeff90_0 .net "readdataM", 31 0, L_0x55dbeac0ade0;  alias, 1 drivers
v0x55dbeabf0050_0 .net "readdataW", 31 0, v0x55dbeabe8920_0;  1 drivers
v0x55dbeabf0160_0 .net "regdstE", 0 0, L_0x55dbeabf4ad0;  alias, 1 drivers
v0x55dbeabf0200_0 .net "regwriteE", 0 0, L_0x55dbeabf4870;  alias, 1 drivers
v0x55dbeabf02f0_0 .net "regwriteM", 0 0, L_0x55dbeabf4f20;  alias, 1 drivers
v0x55dbeabf0420_0 .net "regwriteW", 0 0, L_0x55dbeabf5200;  alias, 1 drivers
v0x55dbeabf0550_0 .net "reset", 0 0, v0x55dbeabf3d50_0;  alias, 1 drivers
v0x55dbeabf0800_0 .net "result", 31 0, L_0x55dbeac0a500;  1 drivers
v0x55dbeabf08c0_0 .net "rsD", 4 0, L_0x55dbeabf5580;  1 drivers
v0x55dbeabf0980_0 .net "rsE", 4 0, v0x55dbeabda6b0_0;  1 drivers
v0x55dbeabf0ad0_0 .net "rtD", 4 0, L_0x55dbeabf56b0;  1 drivers
v0x55dbeabf0b90_0 .net "rtE", 4 0, v0x55dbeabdaeb0_0;  1 drivers
v0x55dbeabf0c50_0 .net "signimmD", 31 0, L_0x55dbeac08d40;  1 drivers
v0x55dbeabf0da0_0 .net "signimmE", 31 0, v0x55dbeabdb7a0_0;  1 drivers
v0x55dbeabf0ef0_0 .net "signimmsh", 31 0, L_0x55dbeac08f70;  1 drivers
v0x55dbeabf0fb0_0 .net "srcAD", 31 0, L_0x55dbeac09250;  1 drivers
v0x55dbeabf1100_0 .net "srcBD", 31 0, L_0x55dbeac09380;  1 drivers
v0x55dbeabf1250_0 .net "srcaE", 31 0, v0x55dbeabd8dd0_0;  1 drivers
v0x55dbeabf13a0_0 .net "srcbE", 31 0, v0x55dbeabd95b0_0;  1 drivers
v0x55dbeabf14f0_0 .net "stallD", 0 0, L_0x55dbeac070a0;  1 drivers
v0x55dbeabf1590_0 .net "stallF", 0 0, L_0x55dbeac072a0;  1 drivers
v0x55dbeabf1630_0 .net "writedataE", 31 0, L_0x55dbeac0a0a0;  1 drivers
v0x55dbeabf16d0_0 .net "writedataM", 31 0, v0x55dbeabdd040_0;  alias, 1 drivers
v0x55dbeabf1770_0 .net "writeregE", 4 0, L_0x55dbeac09cf0;  1 drivers
v0x55dbeabf18c0_0 .net "writeregM", 4 0, v0x55dbeabdd1c0_0;  1 drivers
v0x55dbeabf1980_0 .net "writeregW", 4 0, v0x55dbeabe8b90_0;  1 drivers
v0x55dbeabf1ad0_0 .net "zero", 0 0, L_0x55dbeac094b0;  alias, 1 drivers
L_0x55dbeabf5320 .part v0x55dbeabe2390_0, 26, 6;
L_0x55dbeabf5450 .part v0x55dbeabe2390_0, 0, 6;
L_0x55dbeabf5580 .part v0x55dbeabe2390_0, 21, 5;
L_0x55dbeabf56b0 .part v0x55dbeabe2390_0, 16, 5;
L_0x55dbeabf5750 .part v0x55dbeabe2390_0, 11, 5;
L_0x55dbeac07660 .part v0x55dbeabe2b10_0, 28, 4;
L_0x55dbeac07740 .part v0x55dbeabe2390_0, 0, 26;
L_0x55dbeac077e0 .concat [ 2 26 4 0], L_0x7f851381d138, L_0x55dbeac07740, L_0x55dbeac07660;
L_0x55dbeac08e30 .part v0x55dbeabe2390_0, 0, 16;
S_0x55dbeabd8020 .scope module, "comp" "comparator" 12 64, 13 1 0, S_0x55dbeabd7e80;
 .timescale 0 0;
    .port_info 0 /INPUT 32 "a"
    .port_info 1 /INPUT 32 "b"
    .port_info 2 /OUTPUT 1 "eq"
P_0x55dbeabd81a0 .param/l "WIDTH" 0 13 1, +C4<00000000000000000000000000100000>;
v0x55dbeabd3b70_0 .net "a", 31 0, L_0x55dbeac09250;  alias, 1 drivers
v0x55dbeabd8340_0 .net "b", 31 0, L_0x55dbeac09380;  alias, 1 drivers
v0x55dbeabd8420_0 .net "eq", 0 0, L_0x55dbeac094b0;  alias, 1 drivers
L_0x55dbeac094b0 .cmp/eq 32, L_0x55dbeac09250, L_0x55dbeac09380;
S_0x55dbeabd8560 .scope module, "de" "id_e" 12 65, 14 1 0, S_0x55dbeabd7e80;
 .timescale 0 0;
    .port_info 0 /INPUT 1 "clk"
    .port_info 1 /INPUT 1 "reset"
    .port_info 2 /INPUT 1 "flush"
    .port_info 3 /INPUT 32 "readdata1D"
    .port_info 4 /INPUT 32 "readdata2D"
    .port_info 5 /INPUT 32 "signD"
    .port_info 6 /INPUT 5 "rsD"
    .port_info 7 /INPUT 5 "rtD"
    .port_info 8 /INPUT 5 "rdD"
    .port_info 9 /OUTPUT 32 "readdata1E"
    .port_info 10 /OUTPUT 32 "readdata2E"
    .port_info 11 /OUTPUT 32 "signE"
    .port_info 12 /OUTPUT 5 "rsE"
    .port_info 13 /OUTPUT 5 "rtE"
    .port_info 14 /OUTPUT 5 "rdE"
v0x55dbeabdb9f0_0 .net "clk", 0 0, v0x55dbeabf3aa0_0;  alias, 1 drivers
v0x55dbeabdbab0_0 .net "flush", 0 0, L_0x55dbeac07460;  alias, 1 drivers
v0x55dbeabdbc80_0 .net "rdD", 4 0, L_0x55dbeabf5750;  alias, 1 drivers
v0x55dbeabdbd50_0 .net "rdE", 4 0, v0x55dbeabd9d80_0;  alias, 1 drivers
v0x55dbeabdbe20_0 .net "readdata1D", 31 0, L_0x55dbeac09250;  alias, 1 drivers
v0x55dbeabdbf60_0 .net "readdata1E", 31 0, v0x55dbeabd8dd0_0;  alias, 1 drivers
v0x55dbeabdc000_0 .net "readdata2D", 31 0, L_0x55dbeac09380;  alias, 1 drivers
v0x55dbeabdc0f0_0 .net "readdata2E", 31 0, v0x55dbeabd95b0_0;  alias, 1 drivers
v0x55dbeabdc1b0_0 .net "reset", 0 0, v0x55dbeabf3d50_0;  alias, 1 drivers
v0x55dbeabdc250_0 .net "rsD", 4 0, L_0x55dbeabf5580;  alias, 1 drivers
v0x55dbeabdc2f0_0 .net "rsE", 4 0, v0x55dbeabda6b0_0;  alias, 1 drivers
v0x55dbeabdc3c0_0 .net "rtD", 4 0, L_0x55dbeabf56b0;  alias, 1 drivers
v0x55dbeabdc490_0 .net "rtE", 4 0, v0x55dbeabdaeb0_0;  alias, 1 drivers
v0x55dbeabdc560_0 .net "signD", 31 0, L_0x55dbeac08d40;  alias, 1 drivers
v0x55dbeabdc630_0 .net "signE", 31 0, v0x55dbeabdb7a0_0;  alias, 1 drivers
S_0x55dbeabd87b0 .scope module, "f1" "floprc" 14 8, 9 1 0, S_0x55dbeabd8560;
 .timescale 0 0;
    .port_info 0 /INPUT 1 "clk"
    .port_info 1 /INPUT 1 "reset"
    .port_info 2 /INPUT 1 "flush"
    .port_info 3 /INPUT 32 "d"
    .port_info 4 /OUTPUT 32 "q"
P_0x55dbeabd8980 .param/l "WIDTH" 0 9 1, +C4<00000000000000000000000000100000>;
v0x55dbeabd8b00_0 .net "clk", 0 0, v0x55dbeabf3aa0_0;  alias, 1 drivers
v0x55dbeabd8bc0_0 .net "d", 31 0, L_0x55dbeac09250;  alias, 1 drivers
v0x55dbeabd8cb0_0 .net "flush", 0 0, L_0x55dbeac07460;  alias, 1 drivers
v0x55dbeabd8dd0_0 .var "q", 31 0;
v0x55dbeabd8e70_0 .net "reset", 0 0, v0x55dbeabf3d50_0;  alias, 1 drivers
S_0x55dbeabd9000 .scope module, "f2" "floprc" 14 9, 9 1 0, S_0x55dbeabd8560;
 .timescale 0 0;
    .port_info 0 /INPUT 1 "clk"
    .port_info 1 /INPUT 1 "reset"
    .port_info 2 /INPUT 1 "flush"
    .port_info 3 /INPUT 32 "d"
    .port_info 4 /OUTPUT 32 "q"
P_0x55dbeabd91a0 .param/l "WIDTH" 0 9 1, +C4<00000000000000000000000000100000>;
v0x55dbeabd9350_0 .net "clk", 0 0, v0x55dbeabf3aa0_0;  alias, 1 drivers
v0x55dbeabd93f0_0 .net "d", 31 0, L_0x55dbeac09380;  alias, 1 drivers
v0x55dbeabd94e0_0 .net "flush", 0 0, L_0x55dbeac07460;  alias, 1 drivers
v0x55dbeabd95b0_0 .var "q", 31 0;
v0x55dbeabd9650_0 .net "reset", 0 0, v0x55dbeabf3d50_0;  alias, 1 drivers
S_0x55dbeabd97e0 .scope module, "frd" "floprc" 14 14, 9 1 0, S_0x55dbeabd8560;
 .timescale 0 0;
    .port_info 0 /INPUT 1 "clk"
    .port_info 1 /INPUT 1 "reset"
    .port_info 2 /INPUT 1 "flush"
    .port_info 3 /INPUT 5 "d"
    .port_info 4 /OUTPUT 5 "q"
P_0x55dbeabd99b0 .param/l "WIDTH" 0 9 1, +C4<00000000000000000000000000000101>;
v0x55dbeabd9b30_0 .net "clk", 0 0, v0x55dbeabf3aa0_0;  alias, 1 drivers
v0x55dbeabd9bd0_0 .net "d", 4 0, L_0x55dbeabf5750;  alias, 1 drivers
v0x55dbeabd9cb0_0 .net "flush", 0 0, L_0x55dbeac07460;  alias, 1 drivers
v0x55dbeabd9d80_0 .var "q", 4 0;
v0x55dbeabd9e40_0 .net "reset", 0 0, v0x55dbeabf3d50_0;  alias, 1 drivers
S_0x55dbeabd9f80 .scope module, "frs" "floprc" 14 12, 9 1 0, S_0x55dbeabd8560;
 .timescale 0 0;
    .port_info 0 /INPUT 1 "clk"
    .port_info 1 /INPUT 1 "reset"
    .port_info 2 /INPUT 1 "flush"
    .port_info 3 /INPUT 5 "d"
    .port_info 4 /OUTPUT 5 "q"
P_0x55dbeabda150 .param/l "WIDTH" 0 9 1, +C4<00000000000000000000000000000101>;
v0x55dbeabda330_0 .net "clk", 0 0, v0x55dbeabf3aa0_0;  alias, 1 drivers
v0x55dbeabda500_0 .net "d", 4 0, L_0x55dbeabf5580;  alias, 1 drivers
v0x55dbeabda5e0_0 .net "flush", 0 0, L_0x55dbeac07460;  alias, 1 drivers
v0x55dbeabda6b0_0 .var "q", 4 0;
v0x55dbeabda770_0 .net "reset", 0 0, v0x55dbeabf3d50_0;  alias, 1 drivers
S_0x55dbeabda900 .scope module, "frt" "floprc" 14 13, 9 1 0, S_0x55dbeabd8560;
 .timescale 0 0;
    .port_info 0 /INPUT 1 "clk"
    .port_info 1 /INPUT 1 "reset"
    .port_info 2 /INPUT 1 "flush"
    .port_info 3 /INPUT 5 "d"
    .port_info 4 /OUTPUT 5 "q"
P_0x55dbeabdab20 .param/l "WIDTH" 0 9 1, +C4<00000000000000000000000000000101>;
v0x55dbeabdac40_0 .net "clk", 0 0, v0x55dbeabf3aa0_0;  alias, 1 drivers
v0x55dbeabdad00_0 .net "d", 4 0, L_0x55dbeabf56b0;  alias, 1 drivers
v0x55dbeabdade0_0 .net "flush", 0 0, L_0x55dbeac07460;  alias, 1 drivers
v0x55dbeabdaeb0_0 .var "q", 4 0;
v0x55dbeabdaf70_0 .net "reset", 0 0, v0x55dbeabf3d50_0;  alias, 1 drivers
S_0x55dbeabdb210 .scope module, "fsign" "floprc" 14 10, 9 1 0, S_0x55dbeabd8560;
 .timescale 0 0;
    .port_info 0 /INPUT 1 "clk"
    .port_info 1 /INPUT 1 "reset"
    .port_info 2 /INPUT 1 "flush"
    .port_info 3 /INPUT 32 "d"
    .port_info 4 /OUTPUT 32 "q"
P_0x55dbeabdb3e0 .param/l "WIDTH" 0 9 1, +C4<00000000000000000000000000100000>;
v0x55dbeabdb530_0 .net "clk", 0 0, v0x55dbeabf3aa0_0;  alias, 1 drivers
v0x55dbeabdb5f0_0 .net "d", 31 0, L_0x55dbeac08d40;  alias, 1 drivers
v0x55dbeabdb6d0_0 .net "flush", 0 0, L_0x55dbeac07460;  alias, 1 drivers
v0x55dbeabdb7a0_0 .var "q", 31 0;
v0x55dbeabdb860_0 .net "reset", 0 0, v0x55dbeabf3d50_0;  alias, 1 drivers
S_0x55dbeabdc940 .scope module, "em" "e_m" 12 68, 15 1 0, S_0x55dbeabd7e80;
 .timescale 0 0;
    .port_info 0 /INPUT 1 "clk"
    .port_info 1 /INPUT 1 "reset"
    .port_info 2 /INPUT 5 "writeregE"
    .port_info 3 /INPUT 32 "aluoutE"
    .port_info 4 /INPUT 32 "writedataE"
    .port_info 5 /OUTPUT 5 "writeregM"
    .port_info 6 /OUTPUT 32 "aluoutM"
    .port_info 7 /OUTPUT 32 "writedataM"
v0x55dbeabdcc10_0 .net "aluoutE", 31 0, v0x55dbeabde0f0_0;  alias, 1 drivers
v0x55dbeabdccf0_0 .var "aluoutM", 31 0;
v0x55dbeabdcde0_0 .net "clk", 0 0, v0x55dbeabf3aa0_0;  alias, 1 drivers
v0x55dbeabdceb0_0 .net "reset", 0 0, v0x55dbeabf3d50_0;  alias, 1 drivers
v0x55dbeabdcf50_0 .net "writedataE", 31 0, L_0x55dbeac0a0a0;  alias, 1 drivers
v0x55dbeabdd040_0 .var "writedataM", 31 0;
v0x55dbeabdd100_0 .net "writeregE", 4 0, L_0x55dbeac09cf0;  alias, 1 drivers
v0x55dbeabdd1c0_0 .var "writeregM", 4 0;
S_0x55dbeabdd3f0 .scope module, "ex" "execute" 12 66, 16 3 0, S_0x55dbeabd7e80;
 .timescale 0 0;
    .port_info 0 /INPUT 1 "alusrcE"
    .port_info 1 /INPUT 1 "regdst"
    .port_info 2 /INPUT 32 "aluoutM"
    .port_info 3 /INPUT 32 "resultW"
    .port_info 4 /INPUT 32 "rd1E"
    .port_info 5 /INPUT 32 "rd2E"
    .port_info 6 /INPUT 32 "signE"
    .port_info 7 /INPUT 3 "alucontrolE"
    .port_info 8 /INPUT 5 "rdE"
    .port_info 9 /INPUT 5 "rtE"
    .port_info 10 /INPUT 2 "forwardaE"
    .port_info 11 /INPUT 2 "forwardbE"
    .port_info 12 /OUTPUT 5 "writeregE"
    .port_info 13 /OUTPUT 32 "writedataE"
    .port_info 14 /OUTPUT 32 "aluoutE"
L_0x55dbeac0a0a0 .functor BUFZ 32, L_0x55dbeac09bb0, C4<00000000000000000000000000000000>, C4<00000000000000000000000000000000>, C4<00000000000000000000000000000000>;
v0x55dbeabe0940_0 .net "alucontrolE", 2 0, L_0x55dbeabf4bb0;  alias, 1 drivers
v0x55dbeabe0a70_0 .net "aluoutE", 31 0, v0x55dbeabde0f0_0;  alias, 1 drivers
v0x55dbeabe0b80_0 .net "aluoutM", 31 0, v0x55dbeabdccf0_0;  alias, 1 drivers
v0x55dbeabe0cb0_0 .net "alusrcE", 0 0, L_0x55dbeabf49a0;  alias, 1 drivers
v0x55dbeabe0d50_0 .net "forwardaE", 1 0, v0x55dbeabe34b0_0;  alias, 1 drivers
v0x55dbeabe0e60_0 .net "forwardbE", 1 0, v0x55dbeabe35e0_0;  alias, 1 drivers
v0x55dbeabe0f00_0 .net "mux3Bresult", 31 0, L_0x55dbeac09bb0;  1 drivers
v0x55dbeabe0ff0_0 .net "rd1E", 31 0, v0x55dbeabd8dd0_0;  alias, 1 drivers
v0x55dbeabe10b0_0 .net "rd2E", 31 0, v0x55dbeabd95b0_0;  alias, 1 drivers
v0x55dbeabe1200_0 .net "rdE", 4 0, v0x55dbeabd9d80_0;  alias, 1 drivers
v0x55dbeabe12c0_0 .net "regdst", 0 0, L_0x55dbeabf4ad0;  alias, 1 drivers
v0x55dbeabe1360_0 .net "resultW", 31 0, L_0x55dbeac0a500;  alias, 1 drivers
v0x55dbeabe1470_0 .net "rtE", 4 0, v0x55dbeabdaeb0_0;  alias, 1 drivers
v0x55dbeabe1530_0 .net "signE", 31 0, v0x55dbeabdb7a0_0;  alias, 1 drivers
v0x55dbeabe15f0_0 .net "srcaE", 31 0, L_0x55dbeac09840;  1 drivers
v0x55dbeabe1700_0 .net "srcbE", 31 0, L_0x55dbeac09d90;  1 drivers
v0x55dbeabe1810_0 .net "writedataE", 31 0, L_0x55dbeac0a0a0;  alias, 1 drivers
v0x55dbeabe19e0_0 .net "writeregE", 4 0, L_0x55dbeac09cf0;  alias, 1 drivers
S_0x55dbeabdd6e0 .scope module, "alu" "alu_p" 16 21, 17 1 0, S_0x55dbeabdd3f0;
 .timescale 0 0;
    .port_info 0 /INPUT 32 "a"
    .port_info 1 /INPUT 32 "b"
    .port_info 2 /INPUT 3 "alucontrol"
    .port_info 3 /OUTPUT 32 "aluout"
L_0x55dbeac09150 .functor NOT 32, L_0x55dbeac09d90, C4<00000000000000000000000000000000>, C4<00000000000000000000000000000000>, C4<00000000000000000000000000000000>;
v0x55dbeabdd990_0 .net *"_s1", 0 0, L_0x55dbeac09e30;  1 drivers
v0x55dbeabdda90_0 .net *"_s10", 31 0, L_0x55dbeac0a240;  1 drivers
L_0x7f851381d570 .functor BUFT 1, C4<0000000000000000000000000000000>, C4<0>, C4<0>, C4<0>;
v0x55dbeabddb70_0 .net *"_s13", 30 0, L_0x7f851381d570;  1 drivers
v0x55dbeabddc60_0 .net *"_s2", 31 0, L_0x55dbeac09150;  1 drivers
v0x55dbeabddd40_0 .net *"_s6", 31 0, L_0x55dbeac0a000;  1 drivers
v0x55dbeabdde70_0 .net *"_s9", 0 0, L_0x55dbeac0a1a0;  1 drivers
v0x55dbeabddf50_0 .net "a", 31 0, L_0x55dbeac09840;  alias, 1 drivers
v0x55dbeabde030_0 .net "alucontrol", 2 0, L_0x55dbeabf4bb0;  alias, 1 drivers
v0x55dbeabde0f0_0 .var "aluout", 31 0;
v0x55dbeabde1c0_0 .net "b", 31 0, L_0x55dbeac09d90;  alias, 1 drivers
v0x55dbeabde280_0 .net "bb", 31 0, L_0x55dbeac09f60;  1 drivers
v0x55dbeabde360_0 .net "s", 31 0, L_0x55dbeac0a380;  1 drivers
E_0x55dbeabdd900 .event edge, v0x55dbeabd66b0_0, v0x55dbeabddf50_0, v0x55dbeabde280_0, v0x55dbeabde360_0;
L_0x55dbeac09e30 .part L_0x55dbeabf4bb0, 2, 1;
L_0x55dbeac09f60 .functor MUXZ 32, L_0x55dbeac09d90, L_0x55dbeac09150, L_0x55dbeac09e30, C4<>;
L_0x55dbeac0a000 .arith/sum 32, L_0x55dbeac09840, L_0x55dbeac09f60;
L_0x55dbeac0a1a0 .part L_0x55dbeabf4bb0, 2, 1;
L_0x55dbeac0a240 .concat [ 1 31 0 0], L_0x55dbeac0a1a0, L_0x7f851381d570;
L_0x55dbeac0a380 .arith/sum 32, L_0x55dbeac0a000, L_0x55dbeac0a240;
S_0x55dbeabde4f0 .scope module, "mux2B" "mux2" 16 19, 18 1 0, S_0x55dbeabdd3f0;
 .timescale 0 0;
    .port_info 0 /INPUT 32 "d0"
    .port_info 1 /INPUT 32 "d1"
    .port_info 2 /INPUT 1 "s"
    .port_info 3 /OUTPUT 32 "y"
P_0x55dbeabde690 .param/l "WIDTH" 0 18 1, +C4<00000000000000000000000000100000>;
v0x55dbeabde760_0 .net "d0", 31 0, L_0x55dbeac09bb0;  alias, 1 drivers
v0x55dbeabde840_0 .net "d1", 31 0, v0x55dbeabdb7a0_0;  alias, 1 drivers
v0x55dbeabde950_0 .net "s", 0 0, L_0x55dbeabf49a0;  alias, 1 drivers
v0x55dbeabdea20_0 .net "y", 31 0, L_0x55dbeac09d90;  alias, 1 drivers
L_0x55dbeac09d90 .functor MUXZ 32, L_0x55dbeac09bb0, v0x55dbeabdb7a0_0, L_0x55dbeabf49a0, C4<>;
S_0x55dbeabdeb60 .scope module, "mux2R" "mux2" 16 18, 18 1 0, S_0x55dbeabdd3f0;
 .timescale 0 0;
    .port_info 0 /INPUT 5 "d0"
    .port_info 1 /INPUT 5 "d1"
    .port_info 2 /INPUT 1 "s"
    .port_info 3 /OUTPUT 5 "y"
P_0x55dbeabded30 .param/l "WIDTH" 0 18 1, +C4<00000000000000000000000000000101>;
v0x55dbeabdee30_0 .net "d0", 4 0, v0x55dbeabdaeb0_0;  alias, 1 drivers
v0x55dbeabdef40_0 .net "d1", 4 0, v0x55dbeabd9d80_0;  alias, 1 drivers
v0x55dbeabdf050_0 .net "s", 0 0, L_0x55dbeabf4ad0;  alias, 1 drivers
v0x55dbeabdf0f0_0 .net "y", 4 0, L_0x55dbeac09cf0;  alias, 1 drivers
L_0x55dbeac09cf0 .functor MUXZ 5, v0x55dbeabdaeb0_0, v0x55dbeabd9d80_0, L_0x55dbeabf4ad0, C4<>;
S_0x55dbeabdf230 .scope module, "mux3A" "mux3" 16 15, 19 1 0, S_0x55dbeabdd3f0;
 .timescale 0 0;
    .port_info 0 /INPUT 32 "rd"
    .port_info 1 /INPUT 32 "resultW"
    .port_info 2 /INPUT 32 "alusrcM"
    .port_info 3 /INPUT 2 "forward"
    .port_info 4 /OUTPUT 32 "muxresult"
L_0x7f851381d450 .functor BUFT 1, C4<10>, C4<0>, C4<0>, C4<0>;
v0x55dbeabdf480_0 .net/2u *"_s0", 1 0, L_0x7f851381d450;  1 drivers
v0x55dbeabdf580_0 .net *"_s2", 0 0, L_0x55dbeac09550;  1 drivers
L_0x7f851381d498 .functor BUFT 1, C4<01>, C4<0>, C4<0>, C4<0>;
v0x55dbeabdf640_0 .net/2u *"_s4", 1 0, L_0x7f851381d498;  1 drivers
v0x55dbeabdf730_0 .net *"_s6", 0 0, L_0x55dbeac09700;  1 drivers
v0x55dbeabdf7f0_0 .net *"_s8", 31 0, L_0x55dbeac097a0;  1 drivers
v0x55dbeabdf920_0 .net "alusrcM", 31 0, v0x55dbeabdccf0_0;  alias, 1 drivers
v0x55dbeabdfa30_0 .net "forward", 1 0, v0x55dbeabe34b0_0;  alias, 1 drivers
v0x55dbeabdfb10_0 .net "muxresult", 31 0, L_0x55dbeac09840;  alias, 1 drivers
v0x55dbeabdfbd0_0 .net "rd", 31 0, v0x55dbeabd8dd0_0;  alias, 1 drivers
v0x55dbeabdfc70_0 .net "resultW", 31 0, L_0x55dbeac0a500;  alias, 1 drivers
L_0x55dbeac09550 .cmp/eq 2, v0x55dbeabe34b0_0, L_0x7f851381d450;
L_0x55dbeac09700 .cmp/eq 2, v0x55dbeabe34b0_0, L_0x7f851381d498;
L_0x55dbeac097a0 .functor MUXZ 32, v0x55dbeabd8dd0_0, L_0x55dbeac0a500, L_0x55dbeac09700, C4<>;
L_0x55dbeac09840 .functor MUXZ 32, L_0x55dbeac097a0, v0x55dbeabdccf0_0, L_0x55dbeac09550, C4<>;
S_0x55dbeabdfdf0 .scope module, "mux3B" "mux3" 16 16, 19 1 0, S_0x55dbeabdd3f0;
 .timescale 0 0;
    .port_info 0 /INPUT 32 "rd"
    .port_info 1 /INPUT 32 "resultW"
    .port_info 2 /INPUT 32 "alusrcM"
    .port_info 3 /INPUT 2 "forward"
    .port_info 4 /OUTPUT 32 "muxresult"
L_0x7f851381d4e0 .functor BUFT 1, C4<10>, C4<0>, C4<0>, C4<0>;
v0x55dbeabe0090_0 .net/2u *"_s0", 1 0, L_0x7f851381d4e0;  1 drivers
v0x55dbeabe0190_0 .net *"_s2", 0 0, L_0x55dbeac098e0;  1 drivers
L_0x7f851381d528 .functor BUFT 1, C4<01>, C4<0>, C4<0>, C4<0>;
v0x55dbeabe0250_0 .net/2u *"_s4", 1 0, L_0x7f851381d528;  1 drivers
v0x55dbeabe0310_0 .net *"_s6", 0 0, L_0x55dbeac099d0;  1 drivers
v0x55dbeabe03d0_0 .net *"_s8", 31 0, L_0x55dbeac09ac0;  1 drivers
v0x55dbeabe0500_0 .net "alusrcM", 31 0, v0x55dbeabdccf0_0;  alias, 1 drivers
v0x55dbeabe05c0_0 .net "forward", 1 0, v0x55dbeabe35e0_0;  alias, 1 drivers
v0x55dbeabe06a0_0 .net "muxresult", 31 0, L_0x55dbeac09bb0;  alias, 1 drivers
v0x55dbeabe0760_0 .net "rd", 31 0, v0x55dbeabd95b0_0;  alias, 1 drivers
v0x55dbeabe0800_0 .net "resultW", 31 0, L_0x55dbeac0a500;  alias, 1 drivers
L_0x55dbeac098e0 .cmp/eq 2, v0x55dbeabe35e0_0, L_0x7f851381d4e0;
L_0x55dbeac099d0 .cmp/eq 2, v0x55dbeabe35e0_0, L_0x7f851381d528;
L_0x55dbeac09ac0 .functor MUXZ 32, v0x55dbeabd95b0_0, L_0x55dbeac0a500, L_0x55dbeac099d0, C4<>;
L_0x55dbeac09bb0 .functor MUXZ 32, L_0x55dbeac09ac0, v0x55dbeabdccf0_0, L_0x55dbeac098e0, C4<>;
S_0x55dbeabe1d30 .scope module, "fdi" "flopenrc" 12 56, 20 1 0, S_0x55dbeabd7e80;
 .timescale 0 0;
    .port_info 0 /INPUT 1 "clk"
    .port_info 1 /INPUT 1 "reset"
    .port_info 2 /INPUT 1 "en"
    .port_info 3 /INPUT 1 "flush"
    .port_info 4 /INPUT 32 "d"
    .port_info 5 /OUTPUT 32 "q"
P_0x55dbeabe1f50 .param/l "WIDTH" 0 20 1, +C4<00000000000000000000000000100000>;
v0x55dbeabe20d0_0 .net "clk", 0 0, v0x55dbeabf3aa0_0;  alias, 1 drivers
v0x55dbeabe2190_0 .net "d", 31 0, L_0x55dbeac0a890;  alias, 1 drivers
v0x55dbeabe2250_0 .net "en", 0 0, L_0x55dbeac08860;  1 drivers
v0x55dbeabe22f0_0 .net "flush", 0 0, L_0x55dbeabf5060;  alias, 1 drivers
v0x55dbeabe2390_0 .var "q", 31 0;
v0x55dbeabe24c0_0 .net "reset", 0 0, v0x55dbeabf3d50_0;  alias, 1 drivers
S_0x55dbeabe2660 .scope module, "fdp" "flopenr" 12 55, 21 1 0, S_0x55dbeabd7e80;
 .timescale 0 0;
    .port_info 0 /INPUT 1 "clk"
    .port_info 1 /INPUT 1 "reset"
    .port_info 2 /INPUT 1 "en"
    .port_info 3 /INPUT 32 "d"
    .port_info 4 /OUTPUT 32 "q"
P_0x55dbeabe2830 .param/l "WIDTH" 0 21 1, +C4<00000000000000000000000000100000>;
v0x55dbeabe28d0_0 .net "clk", 0 0, v0x55dbeabf3aa0_0;  alias, 1 drivers
v0x55dbeabe2990_0 .net "d", 31 0, L_0x55dbeac086c0;  alias, 1 drivers
v0x55dbeabe2a70_0 .net "en", 0 0, L_0x55dbeac08760;  1 drivers
v0x55dbeabe2b10_0 .var "q", 31 0;
v0x55dbeabe2bf0_0 .net "reset", 0 0, v0x55dbeabf3d50_0;  alias, 1 drivers
S_0x55dbeabe2d80 .scope module, "ha" "hazard" 12 47, 22 3 0, S_0x55dbeabd7e80;
 .timescale 0 0;
    .port_info 0 /INPUT 1 "regwriteM"
    .port_info 1 /INPUT 1 "regwriteW"
    .port_info 2 /INPUT 1 "regwriteE"
    .port_info 3 /INPUT 5 "rsE"
    .port_info 4 /INPUT 5 "rtE"
    .port_info 5 /INPUT 5 "rsD"
    .port_info 6 /INPUT 5 "rtD"
    .port_info 7 /INPUT 5 "writeregE"
    .port_info 8 /INPUT 5 "writeregM"
    .port_info 9 /INPUT 5 "writeregW"
    .port_info 10 /OUTPUT 1 "forwardAD"
    .port_info 11 /OUTPUT 1 "forwardBD"
    .port_info 12 /OUTPUT 2 "forwardAE"
    .port_info 13 /OUTPUT 2 "forwardBE"
    .port_info 14 /INPUT 1 "memtoregE"
    .port_info 15 /INPUT 1 "memtoregM"
    .port_info 16 /INPUT 1 "branchD"
    .port_info 17 /OUTPUT 1 "stallF"
    .port_info 18 /OUTPUT 1 "stallD"
    .port_info 19 /OUTPUT 1 "flushE"
L_0x55dbeac06300 .functor OR 1, L_0x55dbeac060b0, L_0x55dbeac06150, C4<0>, C4<0>;
L_0x55dbeac063c0/d .functor AND 1, L_0x55dbeabf46a0, L_0x55dbeac06300, C4<1>, C4<1>;
L_0x55dbeac063c0 .delay 1 (1,1,1) L_0x55dbeac063c0/d;
L_0x55dbeac06770 .functor OR 1, L_0x55dbeac06630, L_0x55dbeac066d0, C4<0>, C4<0>;
L_0x55dbeac06880 .functor AND 1, L_0x55dbeabf4870, L_0x55dbeac06770, C4<1>, C4<1>;
L_0x55dbeac06ac0 .functor OR 1, L_0x55dbeac06940, L_0x55dbeac069e0, C4<0>, C4<0>;
L_0x55dbeac06bd0 .functor AND 1, L_0x55dbeabf4cf0, L_0x55dbeac06ac0, C4<1>, C4<1>;
L_0x55dbeac06cd0 .functor OR 1, L_0x55dbeac06880, L_0x55dbeac06bd0, C4<0>, C4<0>;
L_0x55dbeac06de0/d .functor AND 1, L_0x55dbeabf4070, L_0x55dbeac06cd0, C4<1>, C4<1>;
L_0x55dbeac06de0 .delay 1 (1,1,1) L_0x55dbeac06de0/d;
L_0x55dbeac070a0/d .functor OR 1, L_0x55dbeac063c0, L_0x55dbeac06de0, C4<0>, C4<0>;
L_0x55dbeac070a0 .delay 1 (1,1,1) L_0x55dbeac070a0/d;
L_0x55dbeac072a0/d .functor BUFZ 1, L_0x55dbeac070a0, C4<0>, C4<0>, C4<0>;
L_0x55dbeac072a0 .delay 1 (1,1,1) L_0x55dbeac072a0/d;
L_0x55dbeac07460/d .functor BUFZ 1, L_0x55dbeac072a0, C4<0>, C4<0>, C4<0>;
L_0x55dbeac07460 .delay 1 (1,1,1) L_0x55dbeac07460/d;
v0x55dbeabe50f0_0 .net *"_s0", 0 0, L_0x55dbeac060b0;  1 drivers
v0x55dbeabe51d0_0 .net *"_s10", 0 0, L_0x55dbeac066d0;  1 drivers
v0x55dbeabe5290_0 .net *"_s12", 0 0, L_0x55dbeac06770;  1 drivers
v0x55dbeabe5350_0 .net *"_s14", 0 0, L_0x55dbeac06880;  1 drivers
v0x55dbeabe5430_0 .net *"_s16", 0 0, L_0x55dbeac06940;  1 drivers
v0x55dbeabe5540_0 .net *"_s18", 0 0, L_0x55dbeac069e0;  1 drivers
v0x55dbeabe5600_0 .net *"_s2", 0 0, L_0x55dbeac06150;  1 drivers
v0x55dbeabe56c0_0 .net *"_s20", 0 0, L_0x55dbeac06ac0;  1 drivers
v0x55dbeabe57a0_0 .net *"_s22", 0 0, L_0x55dbeac06bd0;  1 drivers
v0x55dbeabe5880_0 .net *"_s24", 0 0, L_0x55dbeac06cd0;  1 drivers
v0x55dbeabe5960_0 .net *"_s4", 0 0, L_0x55dbeac06300;  1 drivers
v0x55dbeabe5a40_0 .net *"_s8", 0 0, L_0x55dbeac06630;  1 drivers
v0x55dbeabe5b00_0 .net "branchD", 0 0, L_0x55dbeabf4070;  alias, 1 drivers
v0x55dbeabe5ba0_0 .net "branchstallD", 0 0, L_0x55dbeac06de0;  1 drivers
v0x55dbeabe5c60_0 .net "flushE", 0 0, L_0x55dbeac07460;  alias, 1 drivers
v0x55dbeabe5d00_0 .net "forwardAD", 0 0, L_0x55dbeac05b60;  alias, 1 drivers
v0x55dbeabe5da0_0 .net "forwardAE", 1 0, v0x55dbeabe34b0_0;  alias, 1 drivers
v0x55dbeabe5f50_0 .net "forwardBD", 0 0, L_0x55dbeac06040;  alias, 1 drivers
v0x55dbeabe5ff0_0 .net "forwardBE", 1 0, v0x55dbeabe35e0_0;  alias, 1 drivers
v0x55dbeabe6090_0 .net "lwstallD", 0 0, L_0x55dbeac063c0;  1 drivers
v0x55dbeabe6150_0 .net "memtoregE", 0 0, L_0x55dbeabf46a0;  alias, 1 drivers
v0x55dbeabe61f0_0 .net "memtoregM", 0 0, L_0x55dbeabf4cf0;  alias, 1 drivers
v0x55dbeabe6290_0 .net "regwriteE", 0 0, L_0x55dbeabf4870;  alias, 1 drivers
v0x55dbeabe6330_0 .net "regwriteM", 0 0, L_0x55dbeabf4f20;  alias, 1 drivers
v0x55dbeabe63d0_0 .net "regwriteW", 0 0, L_0x55dbeabf5200;  alias, 1 drivers
v0x55dbeabe64c0_0 .net "rsD", 4 0, L_0x55dbeabf5580;  alias, 1 drivers
v0x55dbeabe6560_0 .net "rsE", 4 0, v0x55dbeabda6b0_0;  alias, 1 drivers
v0x55dbeabe6600_0 .net "rtD", 4 0, L_0x55dbeabf56b0;  alias, 1 drivers
v0x55dbeabe66a0_0 .net "rtE", 4 0, v0x55dbeabdaeb0_0;  alias, 1 drivers
v0x55dbeabe6760_0 .net "stallD", 0 0, L_0x55dbeac070a0;  alias, 1 drivers
v0x55dbeabe6820_0 .net "stallF", 0 0, L_0x55dbeac072a0;  alias, 1 drivers
v0x55dbeabe68e0_0 .net "writeregE", 4 0, L_0x55dbeac09cf0;  alias, 1 drivers
v0x55dbeabe69a0_0 .net "writeregM", 4 0, v0x55dbeabdd1c0_0;  alias, 1 drivers
v0x55dbeabe6c70_0 .net "writeregW", 4 0, v0x55dbeabe8b90_0;  alias, 1 drivers
L_0x55dbeac060b0 .cmp/eq 5, L_0x55dbeabf5580, v0x55dbeabdaeb0_0;
L_0x55dbeac06150 .cmp/eq 5, L_0x55dbeabf56b0, v0x55dbeabdaeb0_0;
L_0x55dbeac06630 .cmp/eq 5, L_0x55dbeac09cf0, L_0x55dbeabf5580;
L_0x55dbeac066d0 .cmp/eq 5, L_0x55dbeac09cf0, L_0x55dbeabf56b0;
L_0x55dbeac06940 .cmp/eq 5, v0x55dbeabdd1c0_0, L_0x55dbeabf5580;
L_0x55dbeac069e0 .cmp/eq 5, v0x55dbeabdd1c0_0, L_0x55dbeabf56b0;
S_0x55dbeabe3140 .scope module, "ex" "fu_ex" 22 14, 23 1 0, S_0x55dbeabe2d80;
 .timescale 0 0;
    .port_info 0 /INPUT 1 "regwriteW"
    .port_info 1 /INPUT 1 "regwriteM"
    .port_info 2 /INPUT 5 "writeregW"
    .port_info 3 /INPUT 5 "rsE"
    .port_info 4 /INPUT 5 "rtE"
    .port_info 5 /INPUT 5 "writeregM"
    .port_info 6 /OUTPUT 2 "forwardAE"
    .port_info 7 /OUTPUT 2 "forwardBE"
v0x55dbeabe34b0_0 .var "forwardAE", 1 0;
v0x55dbeabe35e0_0 .var "forwardBE", 1 0;
v0x55dbeabe36f0_0 .net "regwriteM", 0 0, L_0x55dbeabf4f20;  alias, 1 drivers
v0x55dbeabe3790_0 .net "regwriteW", 0 0, L_0x55dbeabf5200;  alias, 1 drivers
v0x55dbeabe3830_0 .net "rsE", 4 0, v0x55dbeabda6b0_0;  alias, 1 drivers
v0x55dbeabe3970_0 .net "rtE", 4 0, v0x55dbeabdaeb0_0;  alias, 1 drivers
v0x55dbeabe3a10_0 .net "writeregM", 4 0, v0x55dbeabdd1c0_0;  alias, 1 drivers
v0x55dbeabe3ab0_0 .net "writeregW", 4 0, v0x55dbeabe8b90_0;  alias, 1 drivers
E_0x55dbeabe1ff0/0 .event edge, v0x55dbeabd78e0_0, v0x55dbeabda6b0_0, v0x55dbeabdd1c0_0, v0x55dbeabd7980_0;
E_0x55dbeabe1ff0/1 .event edge, v0x55dbeabe3ab0_0, v0x55dbeabdaeb0_0;
E_0x55dbeabe1ff0 .event/or E_0x55dbeabe1ff0/0, E_0x55dbeabe1ff0/1;
S_0x55dbeabe3c70 .scope module, "fud" "fu_id" 22 12, 24 1 0, S_0x55dbeabe2d80;
 .timescale 0 0;
    .port_info 0 /INPUT 1 "regwriteM"
    .port_info 1 /INPUT 5 "rsD"
    .port_info 2 /INPUT 5 "rtD"
    .port_info 3 /INPUT 5 "writeregM"
    .port_info 4 /OUTPUT 1 "forwardAD"
    .port_info 5 /OUTPUT 1 "forwardBD"
L_0x55dbeac05af0 .functor AND 1, L_0x55dbeac058a0, L_0x55dbeac05940, C4<1>, C4<1>;
L_0x55dbeac05b60 .functor AND 1, L_0x55dbeac05af0, L_0x55dbeabf4f20, C4<1>, C4<1>;
L_0x55dbeac05fd0 .functor AND 1, L_0x55dbeac05d80, L_0x55dbeac05e20, C4<1>, C4<1>;
L_0x55dbeac06040 .functor AND 1, L_0x55dbeac05fd0, L_0x55dbeabf4f20, C4<1>, C4<1>;
v0x55dbeabe3ef0_0 .net *"_s0", 31 0, L_0x55dbeabf57f0;  1 drivers
v0x55dbeabe3fd0_0 .net *"_s10", 0 0, L_0x55dbeac05af0;  1 drivers
v0x55dbeabe40b0_0 .net *"_s14", 31 0, L_0x55dbeac05ce0;  1 drivers
L_0x7f851381d0a8 .functor BUFT 1, C4<000000000000000000000000000>, C4<0>, C4<0>, C4<0>;
v0x55dbeabe4170_0 .net *"_s17", 26 0, L_0x7f851381d0a8;  1 drivers
L_0x7f851381d0f0 .functor BUFT 1, C4<00000000000000000000000000000000>, C4<0>, C4<0>, C4<0>;
v0x55dbeabe4250_0 .net/2u *"_s18", 31 0, L_0x7f851381d0f0;  1 drivers
v0x55dbeabe4380_0 .net *"_s20", 0 0, L_0x55dbeac05d80;  1 drivers
v0x55dbeabe4440_0 .net *"_s22", 0 0, L_0x55dbeac05e20;  1 drivers
v0x55dbeabe4500_0 .net *"_s24", 0 0, L_0x55dbeac05fd0;  1 drivers
L_0x7f851381d018 .functor BUFT 1, C4<000000000000000000000000000>, C4<0>, C4<0>, C4<0>;
v0x55dbeabe45e0_0 .net *"_s3", 26 0, L_0x7f851381d018;  1 drivers
L_0x7f851381d060 .functor BUFT 1, C4<00000000000000000000000000000000>, C4<0>, C4<0>, C4<0>;
v0x55dbeabe4750_0 .net/2u *"_s4", 31 0, L_0x7f851381d060;  1 drivers
v0x55dbeabe4830_0 .net *"_s6", 0 0, L_0x55dbeac058a0;  1 drivers
v0x55dbeabe48f0_0 .net *"_s8", 0 0, L_0x55dbeac05940;  1 drivers
v0x55dbeabe49b0_0 .net "forwardAD", 0 0, L_0x55dbeac05b60;  alias, 1 drivers
v0x55dbeabe4a70_0 .net "forwardBD", 0 0, L_0x55dbeac06040;  alias, 1 drivers
v0x55dbeabe4b30_0 .net "regwriteM", 0 0, L_0x55dbeabf4f20;  alias, 1 drivers
v0x55dbeabe4bd0_0 .net "rsD", 4 0, L_0x55dbeabf5580;  alias, 1 drivers
v0x55dbeabe4ce0_0 .net "rtD", 4 0, L_0x55dbeabf56b0;  alias, 1 drivers
v0x55dbeabe4f00_0 .net "writeregM", 4 0, v0x55dbeabdd1c0_0;  alias, 1 drivers
L_0x55dbeabf57f0 .concat [ 5 27 0 0], L_0x55dbeabf5580, L_0x7f851381d018;
L_0x55dbeac058a0 .cmp/ne 32, L_0x55dbeabf57f0, L_0x7f851381d060;
L_0x55dbeac05940 .cmp/eq 5, L_0x55dbeabf5580, v0x55dbeabdd1c0_0;
L_0x55dbeac05ce0 .concat [ 5 27 0 0], L_0x55dbeabf56b0, L_0x7f851381d0a8;
L_0x55dbeac05d80 .cmp/ne 32, L_0x55dbeac05ce0, L_0x7f851381d0f0;
L_0x55dbeac05e20 .cmp/eq 5, L_0x55dbeabf56b0, v0x55dbeabdd1c0_0;
S_0x55dbeabe6f90 .scope module, "immsh" "sl2" 12 59, 25 1 0, S_0x55dbeabd7e80;
 .timescale 0 0;
    .port_info 0 /INPUT 32 "a"
    .port_info 1 /OUTPUT 32 "y"
v0x55dbeabe7180_0 .net *"_s1", 29 0, L_0x55dbeac08ed0;  1 drivers
L_0x7f851381d408 .functor BUFT 1, C4<00>, C4<0>, C4<0>, C4<0>;
v0x55dbeabe7280_0 .net/2u *"_s2", 1 0, L_0x7f851381d408;  1 drivers
v0x55dbeabe7360_0 .net "a", 31 0, L_0x55dbeac08d40;  alias, 1 drivers
v0x55dbeabe7450_0 .net "y", 31 0, L_0x55dbeac08f70;  alias, 1 drivers
L_0x55dbeac08ed0 .part L_0x55dbeac08d40, 0, 30;
L_0x55dbeac08f70 .concat [ 2 30 0 0], L_0x7f851381d408, L_0x55dbeac08ed0;
S_0x55dbeabe7590 .scope module, "muxAD" "mux2" 12 61, 18 1 0, S_0x55dbeabd7e80;
 .timescale 0 0;
    .port_info 0 /INPUT 32 "d0"
    .port_info 1 /INPUT 32 "d1"
    .port_info 2 /INPUT 1 "s"
    .port_info 3 /OUTPUT 32 "y"
P_0x55dbeabe1f00 .param/l "WIDTH" 0 18 1, +C4<00000000000000000000000000100000>;
v0x55dbeabe7840_0 .net "d0", 31 0, L_0x55dbeac07e40;  alias, 1 drivers
v0x55dbeabe7920_0 .net "d1", 31 0, v0x55dbeabdccf0_0;  alias, 1 drivers
v0x55dbeabe79e0_0 .net "s", 0 0, L_0x55dbeac05b60;  alias, 1 drivers
v0x55dbeabe7ad0_0 .net "y", 31 0, L_0x55dbeac09250;  alias, 1 drivers
L_0x55dbeac09250 .functor MUXZ 32, L_0x55dbeac07e40, v0x55dbeabdccf0_0, L_0x55dbeac05b60, C4<>;
S_0x55dbeabe7bf0 .scope module, "muxBD" "mux2" 12 62, 18 1 0, S_0x55dbeabd7e80;
 .timescale 0 0;
    .port_info 0 /INPUT 32 "d0"
    .port_info 1 /INPUT 32 "d1"
    .port_info 2 /INPUT 1 "s"
    .port_info 3 /OUTPUT 32 "y"
P_0x55dbeabe7dc0 .param/l "WIDTH" 0 18 1, +C4<00000000000000000000000000100000>;
v0x55dbeabe7f00_0 .net "d0", 31 0, L_0x55dbeac08420;  alias, 1 drivers
v0x55dbeabe8000_0 .net "d1", 31 0, v0x55dbeabdccf0_0;  alias, 1 drivers
v0x55dbeabe80c0_0 .net "s", 0 0, L_0x55dbeac06040;  alias, 1 drivers
v0x55dbeabe81e0_0 .net "y", 31 0, L_0x55dbeac09380;  alias, 1 drivers
L_0x55dbeac09380 .functor MUXZ 32, L_0x55dbeac08420, v0x55dbeabdccf0_0, L_0x55dbeac06040, C4<>;
S_0x55dbeabe8300 .scope module, "mw" "m_w" 12 70, 26 1 0, S_0x55dbeabd7e80;
 .timescale 0 0;
    .port_info 0 /INPUT 1 "clk"
    .port_info 1 /INPUT 1 "reset"
    .port_info 2 /INPUT 32 "aluoutM"
    .port_info 3 /INPUT 32 "readdataM"
    .port_info 4 /INPUT 5 "writeregM"
    .port_info 5 /OUTPUT 32 "aluoutW"
    .port_info 6 /OUTPUT 32 "readdataW"
    .port_info 7 /OUTPUT 5 "writeregW"
v0x55dbeabe85f0_0 .net "aluoutM", 31 0, v0x55dbeabdccf0_0;  alias, 1 drivers
v0x55dbeabe86d0_0 .var "aluoutW", 31 0;
v0x55dbeabe87b0_0 .net "clk", 0 0, v0x55dbeabf3aa0_0;  alias, 1 drivers
v0x55dbeabe8850_0 .net "readdataM", 31 0, L_0x55dbeac0ade0;  alias, 1 drivers
v0x55dbeabe8920_0 .var "readdataW", 31 0;
v0x55dbeabe8a30_0 .net "reset", 0 0, v0x55dbeabf3d50_0;  alias, 1 drivers
v0x55dbeabe8ad0_0 .net "writeregM", 4 0, v0x55dbeabdd1c0_0;  alias, 1 drivers
v0x55dbeabe8b90_0 .var "writeregW", 4 0;
S_0x55dbeabe8da0 .scope module, "pcadd2" "adder" 12 60, 27 1 0, S_0x55dbeabd7e80;
 .timescale 0 0;
    .port_info 0 /INPUT 32 "a"
    .port_info 1 /INPUT 32 "b"
    .port_info 2 /OUTPUT 32 "y"
v0x55dbeabe8f90_0 .net "a", 31 0, v0x55dbeabe2b10_0;  alias, 1 drivers
v0x55dbeabe9070_0 .net "b", 31 0, L_0x55dbeac08f70;  alias, 1 drivers
v0x55dbeabe9110_0 .net "y", 31 0, L_0x55dbeac090b0;  alias, 1 drivers
L_0x55dbeac090b0 .arith/sum 32, v0x55dbeabe2b10_0, L_0x55dbeac08f70;
S_0x55dbeabe9260 .scope module, "pcaddl" "adder" 12 53, 27 1 0, S_0x55dbeabd7e80;
 .timescale 0 0;
    .port_info 0 /INPUT 32 "a"
    .port_info 1 /INPUT 32 "b"
    .port_info 2 /OUTPUT 32 "y"
v0x55dbeabe9480_0 .net "a", 31 0, v0x55dbeabeae80_0;  alias, 1 drivers
L_0x7f851381d3c0 .functor BUFT 1, C4<00000000000000000000000000000100>, C4<0>, C4<0>, C4<0>;
v0x55dbeabe9580_0 .net "b", 31 0, L_0x7f851381d3c0;  1 drivers
v0x55dbeabe9660_0 .net "y", 31 0, L_0x55dbeac086c0;  alias, 1 drivers
L_0x55dbeac086c0 .arith/sum 32, v0x55dbeabeae80_0, L_0x7f851381d3c0;
S_0x55dbeabe97c0 .scope module, "pcbrmux" "mux2" 12 48, 18 1 0, S_0x55dbeabd7e80;
 .timescale 0 0;
    .port_info 0 /INPUT 32 "d0"
    .port_info 1 /INPUT 32 "d1"
    .port_info 2 /INPUT 1 "s"
    .port_info 3 /OUTPUT 32 "y"
P_0x55dbeabe9990 .param/l "WIDTH" 0 18 1, +C4<00000000000000000000000000100000>;
v0x55dbeabe9b90_0 .net "d0", 31 0, L_0x55dbeac086c0;  alias, 1 drivers
v0x55dbeabe9ca0_0 .net "d1", 31 0, L_0x55dbeac090b0;  alias, 1 drivers
v0x55dbeabe9d60_0 .net "s", 0 0, L_0x55dbeabf4500;  alias, 1 drivers
v0x55dbeabe9e60_0 .net "y", 31 0, L_0x55dbeac07520;  alias, 1 drivers
L_0x55dbeac07520 .functor MUXZ 32, L_0x55dbeac086c0, L_0x55dbeac090b0, L_0x55dbeabf4500, C4<>;
S_0x55dbeabe9f90 .scope module, "pcmux" "mux2" 12 49, 18 1 0, S_0x55dbeabd7e80;
 .timescale 0 0;
    .port_info 0 /INPUT 32 "d0"
    .port_info 1 /INPUT 32 "d1"
    .port_info 2 /INPUT 1 "s"
    .port_info 3 /OUTPUT 32 "y"
P_0x55dbeabea160 .param/l "WIDTH" 0 18 1, +C4<00000000000000000000000000100000>;
v0x55dbeabea2a0_0 .net "d0", 31 0, L_0x55dbeac07520;  alias, 1 drivers
v0x55dbeabea3b0_0 .net "d1", 31 0, L_0x55dbeac077e0;  1 drivers
v0x55dbeabea470_0 .net "s", 0 0, L_0x55dbeabf4320;  alias, 1 drivers
v0x55dbeabea590_0 .net "y", 31 0, L_0x55dbeac075c0;  alias, 1 drivers
L_0x55dbeac075c0 .functor MUXZ 32, L_0x55dbeac07520, L_0x55dbeac077e0, L_0x55dbeabf4320, C4<>;
S_0x55dbeabea6d0 .scope module, "pcreg" "flopenr" 12 52, 21 1 0, S_0x55dbeabd7e80;
 .timescale 0 0;
    .port_info 0 /INPUT 1 "clk"
    .port_info 1 /INPUT 1 "reset"
    .port_info 2 /INPUT 1 "en"
    .port_info 3 /INPUT 32 "d"
    .port_info 4 /OUTPUT 32 "q"
P_0x55dbeabea8a0 .param/l "WIDTH" 0 21 1, +C4<00000000000000000000000000100000>;
v0x55dbeabea9f0_0 .net "clk", 0 0, v0x55dbeabf3aa0_0;  alias, 1 drivers
v0x55dbeabeacc0_0 .net "d", 31 0, L_0x55dbeac075c0;  alias, 1 drivers
v0x55dbeabeadb0_0 .net "en", 0 0, L_0x55dbeac085c0;  1 drivers
v0x55dbeabeae80_0 .var "q", 31 0;
v0x55dbeabeaf50_0 .net "reset", 0 0, v0x55dbeabf3d50_0;  alias, 1 drivers
S_0x55dbeabeb0c0 .scope module, "rf" "regfile" 12 51, 28 1 0, S_0x55dbeabd7e80;
 .timescale 0 0;
    .port_info 0 /INPUT 1 "clk"
    .port_info 1 /INPUT 1 "we3"
    .port_info 2 /INPUT 5 "ra1"
    .port_info 3 /INPUT 5 "ra2"
    .port_info 4 /INPUT 5 "wa3"
    .port_info 5 /INPUT 32 "wd3"
    .port_info 6 /OUTPUT 32 "rd1"
    .port_info 7 /OUTPUT 32 "rd2"
v0x55dbeabeb430_2 .array/port v0x55dbeabeb430, 2;
L_0x55dbeac079c0 .functor BUFZ 32, v0x55dbeabeb430_2, C4<00000000000000000000000000000000>, C4<00000000000000000000000000000000>, C4<00000000000000000000000000000000>;
v0x55dbeabeb430 .array "RF", 0 31, 31 0;
v0x55dbeabeb910_0 .net *"_s11", 31 0, L_0x55dbeac07c60;  1 drivers
v0x55dbeabeb9f0_0 .net *"_s13", 6 0, L_0x55dbeac07d00;  1 drivers
L_0x7f851381d210 .functor BUFT 1, C4<00>, C4<0>, C4<0>, C4<0>;
v0x55dbeabebab0_0 .net *"_s16", 1 0, L_0x7f851381d210;  1 drivers
L_0x7f851381d258 .functor BUFT 1, C4<00000000000000000000000000000000>, C4<0>, C4<0>, C4<0>;
v0x55dbeabebb90_0 .net/2u *"_s17", 31 0, L_0x7f851381d258;  1 drivers
v0x55dbeabebcc0_0 .net *"_s21", 31 0, L_0x55dbeac07f80;  1 drivers
L_0x7f851381d2a0 .functor BUFT 1, C4<000000000000000000000000000>, C4<0>, C4<0>, C4<0>;
v0x55dbeabebda0_0 .net *"_s24", 26 0, L_0x7f851381d2a0;  1 drivers
L_0x7f851381d2e8 .functor BUFT 1, C4<00000000000000000000000000000000>, C4<0>, C4<0>, C4<0>;
v0x55dbeabebe80_0 .net/2u *"_s25", 31 0, L_0x7f851381d2e8;  1 drivers
v0x55dbeabebf60_0 .net *"_s27", 0 0, L_0x55dbeac080b0;  1 drivers
v0x55dbeabec020_0 .net *"_s29", 31 0, L_0x55dbeac081f0;  1 drivers
v0x55dbeabec100_0 .net *"_s3", 31 0, L_0x55dbeac07a30;  1 drivers
v0x55dbeabec1e0_0 .net *"_s31", 6 0, L_0x55dbeac082e0;  1 drivers
L_0x7f851381d330 .functor BUFT 1, C4<00>, C4<0>, C4<0>, C4<0>;
v0x55dbeabec2c0_0 .net *"_s34", 1 0, L_0x7f851381d330;  1 drivers
L_0x7f851381d378 .functor BUFT 1, C4<00000000000000000000000000000000>, C4<0>, C4<0>, C4<0>;
v0x55dbeabec3a0_0 .net/2u *"_s35", 31 0, L_0x7f851381d378;  1 drivers
L_0x7f851381d180 .functor BUFT 1, C4<000000000000000000000000000>, C4<0>, C4<0>, C4<0>;
v0x55dbeabec480_0 .net *"_s6", 26 0, L_0x7f851381d180;  1 drivers
L_0x7f851381d1c8 .functor BUFT 1, C4<00000000000000000000000000000000>, C4<0>, C4<0>, C4<0>;
v0x55dbeabec560_0 .net/2u *"_s7", 31 0, L_0x7f851381d1c8;  1 drivers
v0x55dbeabec640_0 .net *"_s9", 0 0, L_0x55dbeac07b20;  1 drivers
v0x55dbeabec810_0 .net "clk", 0 0, v0x55dbeabf3aa0_0;  alias, 1 drivers
v0x55dbeabec8b0_0 .var/i "i", 31 0;
v0x55dbeabec990_0 .net "ra1", 4 0, L_0x55dbeabf5580;  alias, 1 drivers
v0x55dbeabeca50_0 .net "ra2", 4 0, L_0x55dbeabf56b0;  alias, 1 drivers
v0x55dbeabecb10_0 .net "rd1", 31 0, L_0x55dbeac07e40;  alias, 1 drivers
v0x55dbeabecbd0_0 .net "rd2", 31 0, L_0x55dbeac08420;  alias, 1 drivers
v0x55dbeabecca0_0 .net "test1", 31 0, L_0x55dbeac079c0;  1 drivers
v0x55dbeabecd60_0 .net "wa3", 4 0, v0x55dbeabe8b90_0;  alias, 1 drivers
v0x55dbeabece20_0 .net "wd3", 31 0, L_0x55dbeac0a500;  alias, 1 drivers
v0x55dbeabecee0_0 .net "we3", 0 0, L_0x55dbeabf5200;  alias, 1 drivers
E_0x55dbeabeb3b0 .event edge, v0x55dbeabd7980_0, v0x55dbeabdfc70_0, v0x55dbeabe3ab0_0;
L_0x55dbeac07a30 .concat [ 5 27 0 0], L_0x55dbeabf5580, L_0x7f851381d180;
L_0x55dbeac07b20 .cmp/ne 32, L_0x55dbeac07a30, L_0x7f851381d1c8;
L_0x55dbeac07c60 .array/port v0x55dbeabeb430, L_0x55dbeac07d00;
L_0x55dbeac07d00 .concat [ 5 2 0 0], L_0x55dbeabf5580, L_0x7f851381d210;
L_0x55dbeac07e40 .functor MUXZ 32, L_0x7f851381d258, L_0x55dbeac07c60, L_0x55dbeac07b20, C4<>;
L_0x55dbeac07f80 .concat [ 5 27 0 0], L_0x55dbeabf56b0, L_0x7f851381d2a0;
L_0x55dbeac080b0 .cmp/ne 32, L_0x55dbeac07f80, L_0x7f851381d2e8;
L_0x55dbeac081f0 .array/port v0x55dbeabeb430, L_0x55dbeac082e0;
L_0x55dbeac082e0 .concat [ 5 2 0 0], L_0x55dbeabf56b0, L_0x7f851381d330;
L_0x55dbeac08420 .functor MUXZ 32, L_0x7f851381d378, L_0x55dbeac081f0, L_0x55dbeac080b0, C4<>;
S_0x55dbeabed080 .scope module, "se" "signext" 12 58, 29 1 0, S_0x55dbeabd7e80;
 .timescale 0 0;
    .port_info 0 /INPUT 16 "a"
    .port_info 1 /OUTPUT 32 "y"
v0x55dbeabed260_0 .net *"_s1", 0 0, L_0x55dbeac088d0;  1 drivers
v0x55dbeabed360_0 .net *"_s2", 15 0, L_0x55dbeac08970;  1 drivers
v0x55dbeabed440_0 .net "a", 15 0, L_0x55dbeac08e30;  1 drivers
v0x55dbeabed530_0 .net "y", 31 0, L_0x55dbeac08d40;  alias, 1 drivers
L_0x55dbeac088d0 .part L_0x55dbeac08e30, 15, 1;
LS_0x55dbeac08970_0_0 .concat [ 1 1 1 1], L_0x55dbeac088d0, L_0x55dbeac088d0, L_0x55dbeac088d0, L_0x55dbeac088d0;
LS_0x55dbeac08970_0_4 .concat [ 1 1 1 1], L_0x55dbeac088d0, L_0x55dbeac088d0, L_0x55dbeac088d0, L_0x55dbeac088d0;
LS_0x55dbeac08970_0_8 .concat [ 1 1 1 1], L_0x55dbeac088d0, L_0x55dbeac088d0, L_0x55dbeac088d0, L_0x55dbeac088d0;
LS_0x55dbeac08970_0_12 .concat [ 1 1 1 1], L_0x55dbeac088d0, L_0x55dbeac088d0, L_0x55dbeac088d0, L_0x55dbeac088d0;
L_0x55dbeac08970 .concat [ 4 4 4 4], LS_0x55dbeac08970_0_0, LS_0x55dbeac08970_0_4, LS_0x55dbeac08970_0_8, LS_0x55dbeac08970_0_12;
L_0x55dbeac08d40 .concat [ 16 16 0 0], L_0x55dbeac08e30, L_0x55dbeac08970;
S_0x55dbeabed650 .scope module, "wbmux" "mux2" 12 71, 18 1 0, S_0x55dbeabd7e80;
 .timescale 0 0;
    .port_info 0 /INPUT 32 "d0"
    .port_info 1 /INPUT 32 "d1"
    .port_info 2 /INPUT 1 "s"
    .port_info 3 /OUTPUT 32 "y"
P_0x55dbeabebc30 .param/l "WIDTH" 0 18 1, +C4<00000000000000000000000000100000>;
v0x55dbeabed980_0 .net "d0", 31 0, v0x55dbeabe86d0_0;  alias, 1 drivers
v0x55dbeabeda70_0 .net "d1", 31 0, v0x55dbeabe8920_0;  alias, 1 drivers
v0x55dbeabedb40_0 .net "s", 0 0, L_0x55dbeabf50d0;  alias, 1 drivers
v0x55dbeabedc40_0 .net "y", 31 0, L_0x55dbeac0a500;  alias, 1 drivers
L_0x55dbeac0a500 .functor MUXZ 32, v0x55dbeabe86d0_0, v0x55dbeabe8920_0, L_0x55dbeabf50d0, C4<>;
    .scope S_0x55dbeabd5930;
T_0 ;
    %wait E_0x55dbeabc4840;
    %load/vec4 v0x55dbeabd6330_0;
    %dup/vec4;
    %pushi/vec4 0, 0, 6;
    %cmp/u;
    %jmp/1 T_0.0, 6;
    %dup/vec4;
    %pushi/vec4 35, 0, 6;
    %cmp/u;
    %jmp/1 T_0.1, 6;
    %dup/vec4;
    %pushi/vec4 43, 0, 6;
    %cmp/u;
    %jmp/1 T_0.2, 6;
    %dup/vec4;
    %pushi/vec4 4, 0, 6;
    %cmp/u;
    %jmp/1 T_0.3, 6;
    %dup/vec4;
    %pushi/vec4 8, 0, 6;
    %cmp/u;
    %jmp/1 T_0.4, 6;
    %dup/vec4;
    %pushi/vec4 2, 0, 6;
    %cmp/u;
    %jmp/1 T_0.5, 6;
    %pushi/vec4 511, 511, 10;
    %assign/vec4 v0x55dbeabd5fc0_0, 0;
    %jmp T_0.7;
T_0.0 ;
    %pushi/vec4 386, 0, 10;
    %assign/vec4 v0x55dbeabd5fc0_0, 0;
    %jmp T_0.7;
T_0.1 ;
    %pushi/vec4 328, 0, 10;
    %assign/vec4 v0x55dbeabd5fc0_0, 0;
    %jmp T_0.7;
T_0.2 ;
    %pushi/vec4 80, 0, 10;
    %assign/vec4 v0x55dbeabd5fc0_0, 0;
    %jmp T_0.7;
T_0.3 ;
    %pushi/vec4 33, 0, 10;
    %assign/vec4 v0x55dbeabd5fc0_0, 0;
    %jmp T_0.7;
T_0.4 ;
    %pushi/vec4 320, 0, 10;
    %assign/vec4 v0x55dbeabd5fc0_0, 0;
    %jmp T_0.7;
T_0.5 ;
    %pushi/vec4 4, 0, 10;
    %assign/vec4 v0x55dbeabd5fc0_0, 0;
    %jmp T_0.7;
T_0.7 ;
    %pop/vec4 1;
    %jmp T_0;
    .thread T_0, $push;
    .scope S_0x55dbeabd3de0;
T_1 ;
    %wait E_0x55dbeab13860;
    %load/vec4 v0x55dbeabd4160_0;
    %dup/vec4;
    %pushi/vec4 0, 0, 2;
    %cmp/u;
    %jmp/1 T_1.0, 6;
    %dup/vec4;
    %pushi/vec4 1, 0, 2;
    %cmp/u;
    %jmp/1 T_1.1, 6;
    %load/vec4 v0x55dbeabd4240_0;
    %dup/vec4;
    %pushi/vec4 32, 0, 6;
    %cmp/u;
    %jmp/1 T_1.4, 6;
    %dup/vec4;
    %pushi/vec4 34, 0, 6;
    %cmp/u;
    %jmp/1 T_1.5, 6;
    %dup/vec4;
    %pushi/vec4 36, 0, 6;
    %cmp/u;
    %jmp/1 T_1.6, 6;
    %dup/vec4;
    %pushi/vec4 37, 0, 6;
    %cmp/u;
    %jmp/1 T_1.7, 6;
    %dup/vec4;
    %pushi/vec4 42, 0, 6;
    %cmp/u;
    %jmp/1 T_1.8, 6;
    %pushi/vec4 7, 7, 3;
    %assign/vec4 v0x55dbeabd4060_0, 0;
    %jmp T_1.10;
T_1.4 ;
    %pushi/vec4 2, 0, 3;
    %assign/vec4 v0x55dbeabd4060_0, 0;
    %jmp T_1.10;
T_1.5 ;
    %pushi/vec4 6, 0, 3;
    %assign/vec4 v0x55dbeabd4060_0, 0;
    %jmp T_1.10;
T_1.6 ;
    %pushi/vec4 0, 0, 3;
    %assign/vec4 v0x55dbeabd4060_0, 0;
    %jmp T_1.10;
T_1.7 ;
    %pushi/vec4 1, 0, 3;
    %assign/vec4 v0x55dbeabd4060_0, 0;
    %jmp T_1.10;
T_1.8 ;
    %pushi/vec4 7, 0, 3;
    %assign/vec4 v0x55dbeabd4060_0, 0;
    %jmp T_1.10;
T_1.10 ;
    %pop/vec4 1;
    %jmp T_1.3;
T_1.0 ;
    %pushi/vec4 2, 0, 3;
    %assign/vec4 v0x55dbeabd4060_0, 0;
    %jmp T_1.3;
T_1.1 ;
    %pushi/vec4 6, 0, 3;
    %assign/vec4 v0x55dbeabd4060_0, 0;
    %jmp T_1.3;
T_1.3 ;
    %pop/vec4 1;
    %jmp T_1;
    .thread T_1, $push;
    .scope S_0x55dbeabd4380;
T_2 ;
    %wait E_0x55dbeab13c20;
    %load/vec4 v0x55dbeabd4a20_0;
    %flag_set/vec4 8;
    %jmp/0xz  T_2.0, 8;
    %pushi/vec4 0, 0, 8;
    %assign/vec4 v0x55dbeabd4940_0, 1;
    %jmp T_2.1;
T_2.0 ;
    %load/vec4 v0x55dbeabd4870_0;
    %flag_set/vec4 8;
    %jmp/0xz  T_2.2, 8;
    %pushi/vec4 0, 0, 8;
    %assign/vec4 v0x55dbeabd4940_0, 1;
    %jmp T_2.3;
T_2.2 ;
    %load/vec4 v0x55dbeabd47b0_0;
    %assign/vec4 v0x55dbeabd4940_0, 1;
T_2.3 ;
T_2.1 ;
    %jmp T_2;
    .thread T_2;
    .scope S_0x55dbeabd4bd0;
T_3 ;
    %wait E_0x55dbeab13c20;
    %load/vec4 v0x55dbeabd5130_0;
    %flag_set/vec4 8;
    %jmp/0xz  T_3.0, 8;
    %pushi/vec4 0, 0, 3;
    %assign/vec4 v0x55dbeabd5070_0, 0;
    %jmp T_3.1;
T_3.0 ;
    %load/vec4 v0x55dbeabd4f90_0;
    %assign/vec4 v0x55dbeabd5070_0, 0;
T_3.1 ;
    %jmp T_3;
    .thread T_3;
    .scope S_0x55dbeabd5290;
T_4 ;
    %wait E_0x55dbeab13c20;
    %load/vec4 v0x55dbeabd57c0_0;
    %flag_set/vec4 8;
    %jmp/0xz  T_4.0, 8;
    %pushi/vec4 0, 0, 2;
    %assign/vec4 v0x55dbeabd56d0_0, 0;
    %jmp T_4.1;
T_4.0 ;
    %load/vec4 v0x55dbeabd55f0_0;
    %assign/vec4 v0x55dbeabd56d0_0, 0;
T_4.1 ;
    %jmp T_4;
    .thread T_4;
    .scope S_0x55dbeabe3140;
T_5 ;
    %wait E_0x55dbeabe1ff0;
    %pushi/vec4 0, 0, 2;
    %store/vec4 v0x55dbeabe34b0_0, 0, 2;
    %pushi/vec4 0, 0, 2;
    %store/vec4 v0x55dbeabe35e0_0, 0, 2;
    %load/vec4 v0x55dbeabe36f0_0;
    %load/vec4 v0x55dbeabe3830_0;
    %pad/u 32;
    %pushi/vec4 0, 0, 32;
    %cmp/e;
    %flag_get/vec4 4;
    %inv;
    %and;
    %load/vec4 v0x55dbeabe3a10_0;
    %load/vec4 v0x55dbeabe3830_0;
    %cmp/e;
    %flag_get/vec4 4;
    %and;
    %flag_set/vec4 8;
    %jmp/0 T_5.0, 8;
    %pushi/vec4 2, 0, 2;
    %jmp/1 T_5.1, 8;
T_5.0 ; End of true expr.
    %load/vec4 v0x55dbeabe3790_0;
    %load/vec4 v0x55dbeabe3830_0;
    %pad/u 32;
    %pushi/vec4 0, 0, 32;
    %cmp/e;
    %flag_get/vec4 4;
    %inv;
    %and;
    %load/vec4 v0x55dbeabe3ab0_0;
    %load/vec4 v0x55dbeabe3830_0;
    %cmp/e;
    %flag_get/vec4 4;
    %and;
    %flag_set/vec4 9;
    %jmp/0 T_5.2, 9;
    %pushi/vec4 1, 0, 2;
    %jmp/1 T_5.3, 9;
T_5.2 ; End of true expr.
    %pushi/vec4 0, 0, 2;
    %jmp/0 T_5.3, 9;
 ; End of false expr.
    %blend;
T_5.3;
    %jmp/0 T_5.1, 8;
 ; End of false expr.
    %blend;
T_5.1;
    %store/vec4 v0x55dbeabe34b0_0, 0, 2;
    %load/vec4 v0x55dbeabe36f0_0;
    %load/vec4 v0x55dbeabe3970_0;
    %pad/u 32;
    %pushi/vec4 0, 0, 32;
    %cmp/e;
    %flag_get/vec4 4;
    %inv;
    %and;
    %load/vec4 v0x55dbeabe3a10_0;
    %load/vec4 v0x55dbeabe3970_0;
    %cmp/e;
    %flag_get/vec4 4;
    %and;
    %flag_set/vec4 8;
    %jmp/0 T_5.4, 8;
    %pushi/vec4 2, 0, 2;
    %jmp/1 T_5.5, 8;
T_5.4 ; End of true expr.
    %load/vec4 v0x55dbeabe3790_0;
    %load/vec4 v0x55dbeabe3970_0;
    %pad/u 32;
    %pushi/vec4 0, 0, 32;
    %cmp/e;
    %flag_get/vec4 4;
    %inv;
    %and;
    %load/vec4 v0x55dbeabe3ab0_0;
    %load/vec4 v0x55dbeabe3970_0;
    %cmp/e;
    %flag_get/vec4 4;
    %and;
    %flag_set/vec4 9;
    %jmp/0 T_5.6, 9;
    %pushi/vec4 1, 0, 2;
    %jmp/1 T_5.7, 9;
T_5.6 ; End of true expr.
    %pushi/vec4 0, 0, 2;
    %jmp/0 T_5.7, 9;
 ; End of false expr.
    %blend;
T_5.7;
    %jmp/0 T_5.5, 8;
 ; End of false expr.
    %blend;
T_5.5;
    %store/vec4 v0x55dbeabe35e0_0, 0, 2;
    %jmp T_5;
    .thread T_5, $push;
    .scope S_0x55dbeabeb0c0;
T_6 ;
    %pushi/vec4 0, 0, 32;
    %store/vec4 v0x55dbeabec8b0_0, 0, 32;
T_6.0 ;
    %load/vec4 v0x55dbeabec8b0_0;
    %cmpi/s 31, 0, 32;
    %jmp/0xz T_6.1, 5;
    %pushi/vec4 0, 0, 32;
    %ix/getv/s 4, v0x55dbeabec8b0_0;
    %store/vec4a v0x55dbeabeb430, 4, 0;
    %load/vec4 v0x55dbeabec8b0_0;
    %addi 1, 0, 32;
    %store/vec4 v0x55dbeabec8b0_0, 0, 32;
    %jmp T_6.0;
T_6.1 ;
    %end;
    .thread T_6;
    .scope S_0x55dbeabeb0c0;
T_7 ;
    %wait E_0x55dbeabeb3b0;
    %load/vec4 v0x55dbeabecee0_0;
    %flag_set/vec4 8;
    %jmp/0xz  T_7.0, 8;
    %load/vec4 v0x55dbeabece20_0;
    %load/vec4 v0x55dbeabecd60_0;
    %pad/u 7;
    %ix/vec4 3;
    %ix/load 4, 0, 0; Constant delay
    %assign/vec4/a/d v0x55dbeabeb430, 0, 4;
T_7.0 ;
    %jmp T_7;
    .thread T_7, $push;
    .scope S_0x55dbeabea6d0;
T_8 ;
    %wait E_0x55dbeab13c20;
    %load/vec4 v0x55dbeabeaf50_0;
    %flag_set/vec4 8;
    %jmp/0xz  T_8.0, 8;
    %pushi/vec4 0, 0, 32;
    %assign/vec4 v0x55dbeabeae80_0, 1;
    %jmp T_8.1;
T_8.0 ;
    %load/vec4 v0x55dbeabeadb0_0;
    %flag_set/vec4 8;
    %jmp/0xz  T_8.2, 8;
    %load/vec4 v0x55dbeabeacc0_0;
    %assign/vec4 v0x55dbeabeae80_0, 1;
T_8.2 ;
T_8.1 ;
    %jmp T_8;
    .thread T_8;
    .scope S_0x55dbeabe2660;
T_9 ;
    %wait E_0x55dbeab13c20;
    %load/vec4 v0x55dbeabe2bf0_0;
    %flag_set/vec4 8;
    %jmp/0xz  T_9.0, 8;
    %pushi/vec4 0, 0, 32;
    %assign/vec4 v0x55dbeabe2b10_0, 1;
    %jmp T_9.1;
T_9.0 ;
    %load/vec4 v0x55dbeabe2a70_0;
    %flag_set/vec4 8;
    %jmp/0xz  T_9.2, 8;
    %load/vec4 v0x55dbeabe2990_0;
    %assign/vec4 v0x55dbeabe2b10_0, 1;
T_9.2 ;
T_9.1 ;
    %jmp T_9;
    .thread T_9;
    .scope S_0x55dbeabe1d30;
T_10 ;
    %wait E_0x55dbeab13c20;
    %load/vec4 v0x55dbeabe24c0_0;
    %flag_set/vec4 8;
    %jmp/0xz  T_10.0, 8;
    %pushi/vec4 0, 0, 32;
    %assign/vec4 v0x55dbeabe2390_0, 1;
    %jmp T_10.1;
T_10.0 ;
    %load/vec4 v0x55dbeabe22f0_0;
    %flag_set/vec4 8;
    %jmp/0xz  T_10.2, 8;
    %pushi/vec4 0, 0, 32;
    %assign/vec4 v0x55dbeabe2390_0, 1;
    %jmp T_10.3;
T_10.2 ;
    %load/vec4 v0x55dbeabe2250_0;
    %flag_set/vec4 8;
    %jmp/0xz  T_10.4, 8;
    %load/vec4 v0x55dbeabe2190_0;
    %assign/vec4 v0x55dbeabe2390_0, 1;
T_10.4 ;
T_10.3 ;
T_10.1 ;
    %jmp T_10;
    .thread T_10;
    .scope S_0x55dbeabd87b0;
T_11 ;
    %wait E_0x55dbeab13c20;
    %load/vec4 v0x55dbeabd8e70_0;
    %flag_set/vec4 8;
    %jmp/0xz  T_11.0, 8;
    %pushi/vec4 0, 0, 32;
    %assign/vec4 v0x55dbeabd8dd0_0, 1;
    %jmp T_11.1;
T_11.0 ;
    %load/vec4 v0x55dbeabd8cb0_0;
    %flag_set/vec4 8;
    %jmp/0xz  T_11.2, 8;
    %pushi/vec4 0, 0, 32;
    %assign/vec4 v0x55dbeabd8dd0_0, 1;
    %jmp T_11.3;
T_11.2 ;
    %load/vec4 v0x55dbeabd8bc0_0;
    %assign/vec4 v0x55dbeabd8dd0_0, 1;
T_11.3 ;
T_11.1 ;
    %jmp T_11;
    .thread T_11;
    .scope S_0x55dbeabd9000;
T_12 ;
    %wait E_0x55dbeab13c20;
    %load/vec4 v0x55dbeabd9650_0;
    %flag_set/vec4 8;
    %jmp/0xz  T_12.0, 8;
    %pushi/vec4 0, 0, 32;
    %assign/vec4 v0x55dbeabd95b0_0, 1;
    %jmp T_12.1;
T_12.0 ;
    %load/vec4 v0x55dbeabd94e0_0;
    %flag_set/vec4 8;
    %jmp/0xz  T_12.2, 8;
    %pushi/vec4 0, 0, 32;
    %assign/vec4 v0x55dbeabd95b0_0, 1;
    %jmp T_12.3;
T_12.2 ;
    %load/vec4 v0x55dbeabd93f0_0;
    %assign/vec4 v0x55dbeabd95b0_0, 1;
T_12.3 ;
T_12.1 ;
    %jmp T_12;
    .thread T_12;
    .scope S_0x55dbeabdb210;
T_13 ;
    %wait E_0x55dbeab13c20;
    %load/vec4 v0x55dbeabdb860_0;
    %flag_set/vec4 8;
    %jmp/0xz  T_13.0, 8;
    %pushi/vec4 0, 0, 32;
    %assign/vec4 v0x55dbeabdb7a0_0, 1;
    %jmp T_13.1;
T_13.0 ;
    %load/vec4 v0x55dbeabdb6d0_0;
    %flag_set/vec4 8;
    %jmp/0xz  T_13.2, 8;
    %pushi/vec4 0, 0, 32;
    %assign/vec4 v0x55dbeabdb7a0_0, 1;
    %jmp T_13.3;
T_13.2 ;
    %load/vec4 v0x55dbeabdb5f0_0;
    %assign/vec4 v0x55dbeabdb7a0_0, 1;
T_13.3 ;
T_13.1 ;
    %jmp T_13;
    .thread T_13;
    .scope S_0x55dbeabd9f80;
T_14 ;
    %wait E_0x55dbeab13c20;
    %load/vec4 v0x55dbeabda770_0;
    %flag_set/vec4 8;
    %jmp/0xz  T_14.0, 8;
    %pushi/vec4 0, 0, 5;
    %assign/vec4 v0x55dbeabda6b0_0, 1;
    %jmp T_14.1;
T_14.0 ;
    %load/vec4 v0x55dbeabda5e0_0;
    %flag_set/vec4 8;
    %jmp/0xz  T_14.2, 8;
    %pushi/vec4 0, 0, 5;
    %assign/vec4 v0x55dbeabda6b0_0, 1;
    %jmp T_14.3;
T_14.2 ;
    %load/vec4 v0x55dbeabda500_0;
    %assign/vec4 v0x55dbeabda6b0_0, 1;
T_14.3 ;
T_14.1 ;
    %jmp T_14;
    .thread T_14;
    .scope S_0x55dbeabda900;
T_15 ;
    %wait E_0x55dbeab13c20;
    %load/vec4 v0x55dbeabdaf70_0;
    %flag_set/vec4 8;
    %jmp/0xz  T_15.0, 8;
    %pushi/vec4 0, 0, 5;
    %assign/vec4 v0x55dbeabdaeb0_0, 1;
    %jmp T_15.1;
T_15.0 ;
    %load/vec4 v0x55dbeabdade0_0;
    %flag_set/vec4 8;
    %jmp/0xz  T_15.2, 8;
    %pushi/vec4 0, 0, 5;
    %assign/vec4 v0x55dbeabdaeb0_0, 1;
    %jmp T_15.3;
T_15.2 ;
    %load/vec4 v0x55dbeabdad00_0;
    %assign/vec4 v0x55dbeabdaeb0_0, 1;
T_15.3 ;
T_15.1 ;
    %jmp T_15;
    .thread T_15;
    .scope S_0x55dbeabd97e0;
T_16 ;
    %wait E_0x55dbeab13c20;
    %load/vec4 v0x55dbeabd9e40_0;
    %flag_set/vec4 8;
    %jmp/0xz  T_16.0, 8;
    %pushi/vec4 0, 0, 5;
    %assign/vec4 v0x55dbeabd9d80_0, 1;
    %jmp T_16.1;
T_16.0 ;
    %load/vec4 v0x55dbeabd9cb0_0;
    %flag_set/vec4 8;
    %jmp/0xz  T_16.2, 8;
    %pushi/vec4 0, 0, 5;
    %assign/vec4 v0x55dbeabd9d80_0, 1;
    %jmp T_16.3;
T_16.2 ;
    %load/vec4 v0x55dbeabd9bd0_0;
    %assign/vec4 v0x55dbeabd9d80_0, 1;
T_16.3 ;
T_16.1 ;
    %jmp T_16;
    .thread T_16;
    .scope S_0x55dbeabdd6e0;
T_17 ;
    %wait E_0x55dbeabdd900;
    %load/vec4 v0x55dbeabde030_0;
    %parti/s 2, 0, 2;
    %dup/vec4;
    %pushi/vec4 0, 0, 2;
    %cmp/u;
    %jmp/1 T_17.0, 6;
    %dup/vec4;
    %pushi/vec4 1, 0, 2;
    %cmp/u;
    %jmp/1 T_17.1, 6;
    %dup/vec4;
    %pushi/vec4 2, 0, 2;
    %cmp/u;
    %jmp/1 T_17.2, 6;
    %dup/vec4;
    %pushi/vec4 3, 0, 2;
    %cmp/u;
    %jmp/1 T_17.3, 6;
    %jmp T_17.4;
T_17.0 ;
    %load/vec4 v0x55dbeabddf50_0;
    %load/vec4 v0x55dbeabde280_0;
    %and;
    %assign/vec4 v0x55dbeabde0f0_0, 0;
    %jmp T_17.4;
T_17.1 ;
    %load/vec4 v0x55dbeabddf50_0;
    %load/vec4 v0x55dbeabde280_0;
    %or;
    %assign/vec4 v0x55dbeabde0f0_0, 0;
    %jmp T_17.4;
T_17.2 ;
    %load/vec4 v0x55dbeabde360_0;
    %assign/vec4 v0x55dbeabde0f0_0, 0;
    %jmp T_17.4;
T_17.3 ;
    %load/vec4 v0x55dbeabde360_0;
    %parti/s 1, 31, 6;
    %pad/u 32;
    %assign/vec4 v0x55dbeabde0f0_0, 0;
    %jmp T_17.4;
T_17.4 ;
    %pop/vec4 1;
    %jmp T_17;
    .thread T_17, $push;
    .scope S_0x55dbeabdc940;
T_18 ;
    %wait E_0x55dbeab33480;
    %load/vec4 v0x55dbeabdd100_0;
    %assign/vec4 v0x55dbeabdd1c0_0, 0;
    %load/vec4 v0x55dbeabdcc10_0;
    %assign/vec4 v0x55dbeabdccf0_0, 0;
    %load/vec4 v0x55dbeabdcf50_0;
    %assign/vec4 v0x55dbeabdd040_0, 0;
    %jmp T_18;
    .thread T_18;
    .scope S_0x55dbeabe8300;
T_19 ;
    %wait E_0x55dbeab33480;
    %load/vec4 v0x55dbeabe85f0_0;
    %assign/vec4 v0x55dbeabe86d0_0, 0;
    %load/vec4 v0x55dbeabe8850_0;
    %assign/vec4 v0x55dbeabe8920_0, 0;
    %load/vec4 v0x55dbeabe8ad0_0;
    %assign/vec4 v0x55dbeabe8b90_0, 0;
    %jmp T_19;
    .thread T_19;
    .scope S_0x55dbeabd2fe0;
T_20 ;
    %vpi_call 5 8 "$readmemh", "memfile.dat", v0x55dbeabd3180 {0 0 0};
    %end;
    .thread T_20;
    .scope S_0x55dbeaba4160;
T_21 ;
    %vpi_call 4 9 "$readmemh", "memfile.dat", v0x55dbeabb3730 {0 0 0};
    %end;
    .thread T_21;
    .scope S_0x55dbeaba4160;
T_22 ;
    %wait E_0x55dbeab33480;
    %load/vec4 v0x55dbeabd2e80_0;
    %flag_set/vec4 8;
    %jmp/0xz  T_22.0, 8;
    %load/vec4 v0x55dbeab0e5a0_0;
    %load/vec4 v0x55dbeab98150_0;
    %parti/s 30, 2, 3;
    %ix/vec4 3;
    %ix/load 4, 0, 0; Constant delay
    %assign/vec4/a/d v0x55dbeabb3730, 0, 4;
T_22.0 ;
    %jmp T_22;
    .thread T_22;
    .scope S_0x55dbeab76870;
T_23 ;
    %pushi/vec4 1, 0, 1;
    %assign/vec4 v0x55dbeabf3d50_0, 0;
    %delay 22, 0;
    %pushi/vec4 0, 0, 1;
    %assign/vec4 v0x55dbeabf3d50_0, 0;
    %end;
    .thread T_23;
    .scope S_0x55dbeab76870;
T_24 ;
    %pushi/vec4 1, 0, 1;
    %assign/vec4 v0x55dbeabf3aa0_0, 0;
    %delay 5, 0;
    %pushi/vec4 0, 0, 1;
    %assign/vec4 v0x55dbeabf3aa0_0, 0;
    %delay 5, 0;
    %jmp T_24;
    .thread T_24;
    .scope S_0x55dbeab76870;
T_25 ;
    %wait E_0x55dbeab335d0;
    %load/vec4 v0x55dbeabf3c20_0;
    %flag_set/vec4 8;
    %jmp/0xz  T_25.0, 8;
    %load/vec4 v0x55dbeabf3b60_0;
    %pushi/vec4 84, 0, 32;
    %cmp/e;
    %flag_get/vec4 6;
    %load/vec4 v0x55dbeabf3df0_0;
    %pushi/vec4 7, 0, 32;
    %cmp/e;
    %flag_get/vec4 6;
    %and;
    %flag_set/vec4 8;
    %jmp/0xz  T_25.2, 8;
    %vpi_call 2 25 "$display", "Simulation succeeded" {0 0 0};
    %vpi_call 2 26 "$stop" {0 0 0};
    %jmp T_25.3;
T_25.2 ;
    %load/vec4 v0x55dbeabf3b60_0;
    %cmpi/ne 80, 0, 32;
    %jmp/0xz  T_25.4, 4;
    %vpi_call 2 28 "$display", "SImulation dailed" {0 0 0};
    %vpi_call 2 29 "$stop" {0 0 0};
T_25.4 ;
T_25.3 ;
T_25.0 ;
    %jmp T_25;
    .thread T_25;
    .scope S_0x55dbeab76870;
T_26 ;
    %vpi_call 2 34 "$dumpfile", "wave.vcd" {0 0 0};
    %vpi_call 2 35 "$dumpvars" {0 0 0};
    %end;
    .thread T_26;
# The file index is used to find the file name in the following table.
:file_names 30;
    "N/A";
    "<interactive>";
    "testbench.v";
    "./top.v";
    "./dmemp.v";
    "./imem.v";
    "./MIPS.v";
    "./ctrl.v";
    "./aludec.v";
    "./floprc.v";
    "./flopr.v";
    "./maindec.v";
    "./datapath_p.v";
    "./comparatpr.v";
    "./id_e.v";
    "./e_m.v";
    "./execute.v";
    "./alu_p.v";
    "./mux2.v";
    "./mux3.v";
    "./flopenrc.v";
    "./flopenr.v";
    "./hazard.v";
    "./fu_ex.v";
    "./fu_id.v";
    "./sl2.v";
    "./m_w.v";
    "./adder.v";
    "./regfile.v";
    "./signnext.v";
